{"/home/travis/build/npmtest/node-npmtest-mootools/test.js":{"path":"/home/travis/build/npmtest/node-npmtest-mootools/test.js","s":{"1":2,"2":2,"3":2,"4":2,"5":2,"6":2,"7":2,"8":1,"9":2,"10":2,"11":1,"12":1,"13":1,"14":1,"15":2,"16":2,"17":2,"18":2,"19":1,"20":1,"21":2,"22":2,"23":2,"24":1,"25":1,"26":1,"27":1,"28":1,"29":1,"30":1,"31":1,"32":1,"33":1,"34":1,"35":1,"36":1,"37":1,"38":1,"39":2,"40":2,"41":1,"42":2,"43":2,"44":1,"45":2,"46":2,"47":1,"48":2,"49":2,"50":1,"51":1,"52":1,"53":1,"54":1},"b":{"1":[2,1,1,1],"2":[1,1,1,1],"3":[1,1],"4":[1,1],"5":[1,1],"6":[1,1],"7":[1,1],"8":[1,1],"9":[1,1],"10":[1,1,1],"11":[1,1],"12":[1,1],"13":[1,1],"14":[1,1],"15":[1,1],"16":[1,1],"17":[1,1]},"f":{"1":2,"2":2,"3":2,"4":2,"5":2,"6":1,"7":1,"8":1,"9":2,"10":2,"11":2,"12":2,"13":1},"fnMap":{"1":{"name":"(anonymous_1)","line":12,"loc":{"start":{"line":12,"column":1},"end":{"line":12,"column":13}}},"2":{"name":"(anonymous_2)","line":19,"loc":{"start":{"line":19,"column":5},"end":{"line":19,"column":17}}},"3":{"name":"(anonymous_3)","line":23,"loc":{"start":{"line":23,"column":24},"end":{"line":23,"column":36}}},"4":{"name":"(anonymous_4)","line":61,"loc":{"start":{"line":61,"column":5},"end":{"line":61,"column":17}}},"5":{"name":"(anonymous_5)","line":82,"loc":{"start":{"line":82,"column":5},"end":{"line":82,"column":17}}},"6":{"name":"(anonymous_6)","line":91,"loc":{"start":{"line":91,"column":77},"end":{"line":94,"column":10}}},"7":{"name":"(anonymous_7)","line":112,"loc":{"start":{"line":112,"column":83},"end":{"line":115,"column":10}},"skip":true},"8":{"name":"(anonymous_8)","line":123,"loc":{"start":{"line":123,"column":77},"end":{"line":126,"column":10}},"skip":true},"9":{"name":"(anonymous_9)","line":139,"loc":{"start":{"line":139,"column":12},"end":{"line":139,"column":40}},"skip":true},"10":{"name":"(anonymous_10)","line":147,"loc":{"start":{"line":147,"column":77},"end":{"line":150,"column":10}},"skip":true},"11":{"name":"(anonymous_11)","line":158,"loc":{"start":{"line":158,"column":83},"end":{"line":161,"column":10}},"skip":true},"12":{"name":"(anonymous_12)","line":169,"loc":{"start":{"line":169,"column":79},"end":{"line":172,"column":10}},"skip":true},"13":{"name":"(anonymous_13)","line":180,"loc":{"start":{"line":180,"column":75},"end":{"line":183,"column":10}},"skip":true}},"statementMap":{"1":{"start":{"line":12,"column":0},"end":{"line":195,"column":5}},"2":{"start":{"line":14,"column":4},"end":{"line":14,"column":14}},"3":{"start":{"line":19,"column":4},"end":{"line":56,"column":9}},"4":{"start":{"line":21,"column":8},"end":{"line":21,"column":19}},"5":{"start":{"line":23,"column":8},"end":{"line":35,"column":13}},"6":{"start":{"line":24,"column":12},"end":{"line":34,"column":13}},"7":{"start":{"line":25,"column":16},"end":{"line":28,"column":30}},"8":{"start":{"line":30,"column":16},"end":{"line":33,"column":27}},"9":{"start":{"line":37,"column":8},"end":{"line":39,"column":21}},"10":{"start":{"line":40,"column":8},"end":{"line":53,"column":9}},"11":{"start":{"line":43,"column":12},"end":{"line":46,"column":14}},"12":{"start":{"line":47,"column":12},"end":{"line":47,"column":18}},"13":{"start":{"line":50,"column":12},"end":{"line":51,"column":33}},"14":{"start":{"line":52,"column":12},"end":{"line":52,"column":18}},"15":{"start":{"line":55,"column":8},"end":{"line":55,"column":35}},"16":{"start":{"line":61,"column":4},"end":{"line":63,"column":9}},"17":{"start":{"line":62,"column":8},"end":{"line":62,"column":15}},"18":{"start":{"line":64,"column":4},"end":{"line":77,"column":5}},"19":{"start":{"line":70,"column":8},"end":{"line":70,"column":14}},"20":{"start":{"line":76,"column":8},"end":{"line":76,"column":14}},"21":{"start":{"line":82,"column":4},"end":{"line":84,"column":9}},"22":{"start":{"line":83,"column":8},"end":{"line":83,"column":15}},"23":{"start":{"line":85,"column":4},"end":{"line":194,"column":5}},"24":{"start":{"line":91,"column":8},"end":{"line":99,"column":10}},"25":{"start":{"line":98,"column":12},"end":{"line":98,"column":35}},"26":{"start":{"line":102,"column":8},"end":{"line":104,"column":63}},"27":{"start":{"line":105,"column":8},"end":{"line":105,"column":14}},"28":{"start":{"line":112,"column":8},"end":{"line":121,"column":10},"skip":true},"29":{"start":{"line":119,"column":12},"end":{"line":119,"column":55},"skip":true},"30":{"start":{"line":120,"column":12},"end":{"line":120,"column":48},"skip":true},"31":{"start":{"line":123,"column":8},"end":{"line":136,"column":10},"skip":true},"32":{"start":{"line":130,"column":12},"end":{"line":130,"column":76},"skip":true},"33":{"start":{"line":131,"column":12},"end":{"line":131,"column":73},"skip":true},"34":{"start":{"line":132,"column":12},"end":{"line":132,"column":74},"skip":true},"35":{"start":{"line":133,"column":12},"end":{"line":133,"column":79},"skip":true},"36":{"start":{"line":134,"column":12},"end":{"line":134,"column":25},"skip":true},"37":{"start":{"line":135,"column":12},"end":{"line":135,"column":45},"skip":true},"38":{"start":{"line":138,"column":8},"end":{"line":145,"column":14},"skip":true},"39":{"start":{"line":143,"column":16},"end":{"line":143,"column":29},"skip":true},"40":{"start":{"line":144,"column":16},"end":{"line":144,"column":55},"skip":true},"41":{"start":{"line":147,"column":8},"end":{"line":156,"column":10},"skip":true},"42":{"start":{"line":154,"column":12},"end":{"line":154,"column":25},"skip":true},"43":{"start":{"line":155,"column":12},"end":{"line":155,"column":45},"skip":true},"44":{"start":{"line":158,"column":8},"end":{"line":167,"column":10},"skip":true},"45":{"start":{"line":165,"column":12},"end":{"line":165,"column":25},"skip":true},"46":{"start":{"line":166,"column":12},"end":{"line":166,"column":48},"skip":true},"47":{"start":{"line":169,"column":8},"end":{"line":178,"column":10},"skip":true},"48":{"start":{"line":176,"column":12},"end":{"line":176,"column":25},"skip":true},"49":{"start":{"line":177,"column":12},"end":{"line":177,"column":46},"skip":true},"50":{"start":{"line":180,"column":8},"end":{"line":189,"column":10},"skip":true},"51":{"start":{"line":187,"column":12},"end":{"line":187,"column":94},"skip":true},"52":{"start":{"line":188,"column":12},"end":{"line":188,"column":48},"skip":true},"53":{"start":{"line":192,"column":8},"end":{"line":192,"column":35},"skip":true},"54":{"start":{"line":193,"column":8},"end":{"line":193,"column":14},"skip":true}},"branchMap":{"1":{"line":25,"type":"binary-expr","locations":[{"start":{"line":25,"column":23},"end":{"line":25,"column":62}},{"start":{"line":26,"column":20},"end":{"line":26,"column":70}},{"start":{"line":27,"column":20},"end":{"line":27,"column":71}},{"start":{"line":28,"column":20},"end":{"line":28,"column":29}}]},"2":{"line":30,"type":"binary-expr","locations":[{"start":{"line":30,"column":23},"end":{"line":30,"column":37}},{"start":{"line":31,"column":20},"end":{"line":31,"column":61}},{"start":{"line":32,"column":20},"end":{"line":32,"column":70}},{"start":{"line":33,"column":20},"end":{"line":33,"column":26}}]},"3":{"line":37,"type":"cond-expr","locations":[{"start":{"line":38,"column":14},"end":{"line":38,"column":20}},{"start":{"line":39,"column":14},"end":{"line":39,"column":20}}]},"4":{"line":40,"type":"switch","locations":[{"start":{"line":42,"column":8},"end":{"line":47,"column":18}},{"start":{"line":49,"column":8},"end":{"line":52,"column":18}}]},"5":{"line":44,"type":"binary-expr","locations":[{"start":{"line":44,"column":16},"end":{"line":44,"column":44}},{"start":{"line":44,"column":48},"end":{"line":44,"column":66}}]},"6":{"line":50,"type":"binary-expr","locations":[{"start":{"line":50,"column":21},"end":{"line":50,"column":49}},{"start":{"line":50,"column":53},"end":{"line":50,"column":72}}]},"7":{"line":64,"type":"switch","locations":[{"start":{"line":69,"column":4},"end":{"line":70,"column":14}},{"start":{"line":75,"column":4},"end":{"line":76,"column":14}}]},"8":{"line":85,"type":"switch","locations":[{"start":{"line":90,"column":4},"end":{"line":105,"column":14}},{"start":{"line":111,"column":4},"end":{"line":193,"column":14},"skip":true}]},"9":{"line":91,"type":"binary-expr","locations":[{"start":{"line":91,"column":42},"end":{"line":91,"column":73}},{"start":{"line":91,"column":77},"end":{"line":99,"column":9}}]},"10":{"line":102,"type":"binary-expr","locations":[{"start":{"line":102,"column":18},"end":{"line":102,"column":32}},{"start":{"line":103,"column":12},"end":{"line":103,"column":53}},{"start":{"line":104,"column":12},"end":{"line":104,"column":61}}]},"11":{"line":112,"type":"binary-expr","locations":[{"start":{"line":112,"column":45},"end":{"line":112,"column":79},"skip":true},{"start":{"line":112,"column":83},"end":{"line":121,"column":9},"skip":true}]},"12":{"line":123,"type":"binary-expr","locations":[{"start":{"line":123,"column":42},"end":{"line":123,"column":73},"skip":true},{"start":{"line":123,"column":77},"end":{"line":136,"column":9},"skip":true}]},"13":{"line":138,"type":"binary-expr","locations":[{"start":{"line":138,"column":48},"end":{"line":138,"column":85},"skip":true},{"start":{"line":139,"column":12},"end":{"line":145,"column":13},"skip":true}]},"14":{"line":147,"type":"binary-expr","locations":[{"start":{"line":147,"column":42},"end":{"line":147,"column":73},"skip":true},{"start":{"line":147,"column":77},"end":{"line":156,"column":9},"skip":true}]},"15":{"line":158,"type":"binary-expr","locations":[{"start":{"line":158,"column":45},"end":{"line":158,"column":79},"skip":true},{"start":{"line":158,"column":83},"end":{"line":167,"column":9},"skip":true}]},"16":{"line":169,"type":"binary-expr","locations":[{"start":{"line":169,"column":43},"end":{"line":169,"column":75},"skip":true},{"start":{"line":169,"column":79},"end":{"line":178,"column":9},"skip":true}]},"17":{"line":180,"type":"binary-expr","locations":[{"start":{"line":180,"column":41},"end":{"line":180,"column":71},"skip":true},{"start":{"line":180,"column":75},"end":{"line":189,"column":9},"skip":true}]}},"code":["/* istanbul instrument in package npmtest_mootools */","/*jslint","    bitwise: true,","    browser: true,","    maxerr: 8,","    maxlen: 96,","    node: true,","    nomen: true,","    regexp: true,","    stupid: true","*/","(function () {","    'use strict';","    var local;","","","","    // run shared js-env code - init-before","    (function () {","        // init local","        local = {};","        // init modeJs","        local.modeJs = (function () {","            try {","                return typeof navigator.userAgent === 'string' &&","                    typeof document.querySelector('body') === 'object' &&","                    typeof XMLHttpRequest.prototype.open === 'function' &&","                    'browser';","            } catch (errorCaughtBrowser) {","                return module.exports &&","                    typeof process.versions.node === 'string' &&","                    typeof require('http').createServer === 'function' &&","                    'node';","            }","        }());","        // init global","        local.global = local.modeJs === 'browser'","            ? window","            : global;","        switch (local.modeJs) {","        // re-init local from window.local","        case 'browser':","            local = local.global.utility2.objectSetDefault(","                local.global.utility2_rollup || local.global.local,","                local.global.utility2","            );","            break;","        // re-init local from example.js","        case 'node':","            local = (local.global.utility2_rollup || require('utility2'))","                .requireReadme();","            break;","        }","        // export local","        local.global.local = local;","    }());","","","","    // run shared js-env code - function","    (function () {","        return;","    }());","    switch (local.modeJs) {","","","","    // run browser js-env code - function","    case 'browser':","        break;","","","","    // run node js-env code - function","    case 'node':","        break;","    }","","","","    // run shared js-env code - init-after","    (function () {","        return;","    }());","    switch (local.modeJs) {","","","","    // run browser js-env code - init-after","    case 'browser':","        local.testCase_browser_nullCase = local.testCase_browser_nullCase || function (","            options,","            onError","        ) {","        /*","         * this function will test browsers's null-case handling-behavior-behavior","         */","            onError(null, options);","        };","","        // run tests","        local.nop(local.modeTest &&","            document.querySelector('#testRunButton1') &&","            document.querySelector('#testRunButton1').click());","        break;","","","","    // run node js-env code - init-after","    /* istanbul ignore next */","    case 'node':","        local.testCase_buildApidoc_default = local.testCase_buildApidoc_default || function (","            options,","            onError","        ) {","        /*","         * this function will test buildApidoc's default handling-behavior-behavior","         */","            options = { modulePathList: module.paths };","            local.buildApidoc(options, onError);","        };","","        local.testCase_buildApp_default = local.testCase_buildApp_default || function (","            options,","            onError","        ) {","        /*","         * this function will test buildApp's default handling-behavior-behavior","         */","            local.testCase_buildReadme_default(options, local.onErrorThrow);","            local.testCase_buildLib_default(options, local.onErrorThrow);","            local.testCase_buildTest_default(options, local.onErrorThrow);","            local.testCase_buildCustomOrg_default(options, local.onErrorThrow);","            options = [];","            local.buildApp(options, onError);","        };","","        local.testCase_buildCustomOrg_default = local.testCase_buildCustomOrg_default ||","            function (options, onError) {","            /*","             * this function will test buildCustomOrg's default handling-behavior","             */","                options = {};","                local.buildCustomOrg(options, onError);","            };","","        local.testCase_buildLib_default = local.testCase_buildLib_default || function (","            options,","            onError","        ) {","        /*","         * this function will test buildLib's default handling-behavior","         */","            options = {};","            local.buildLib(options, onError);","        };","","        local.testCase_buildReadme_default = local.testCase_buildReadme_default || function (","            options,","            onError","        ) {","        /*","         * this function will test buildReadme's default handling-behavior-behavior","         */","            options = {};","            local.buildReadme(options, onError);","        };","","        local.testCase_buildTest_default = local.testCase_buildTest_default || function (","            options,","            onError","        ) {","        /*","         * this function will test buildTest's default handling-behavior","         */","            options = {};","            local.buildTest(options, onError);","        };","","        local.testCase_webpage_default = local.testCase_webpage_default || function (","            options,","            onError","        ) {","        /*","         * this function will test webpage's default handling-behavior","         */","            options = { modeCoverageMerge: true, url: local.serverLocalHost + '?modeTest=1' };","            local.browserTest(options, onError);","        };","","        // run test-server","        local.testRunServer(local);","        break;","    }","}());",""],"l":{"12":2,"14":2,"19":2,"21":2,"23":2,"24":2,"25":2,"30":1,"37":2,"40":2,"43":1,"47":1,"50":1,"52":1,"55":2,"61":2,"62":2,"64":2,"70":1,"76":1,"82":2,"83":2,"85":2,"91":1,"98":1,"102":1,"105":1,"112":1,"119":1,"120":1,"123":1,"130":1,"131":1,"132":1,"133":1,"134":1,"135":1,"138":1,"143":2,"144":2,"147":1,"154":2,"155":2,"158":1,"165":2,"166":2,"169":1,"176":2,"177":2,"180":1,"187":1,"188":1,"192":1,"193":1}},"/home/travis/build/npmtest/node-npmtest-mootools/lib.npmtest_mootools.js":{"path":"/home/travis/build/npmtest/node-npmtest-mootools/lib.npmtest_mootools.js","s":{"1":2,"2":2,"3":2,"4":2,"5":2,"6":2,"7":2,"8":1,"9":2,"10":2,"11":2,"12":2,"13":1,"14":1,"15":1,"16":1},"b":{"1":[2,1,1,1],"2":[1,1,1,1],"3":[1,1],"4":[2,2],"5":[1,1]},"f":{"1":2,"2":2,"3":2},"fnMap":{"1":{"name":"(anonymous_1)","line":12,"loc":{"start":{"line":12,"column":1},"end":{"line":12,"column":13}}},"2":{"name":"(anonymous_2)","line":19,"loc":{"start":{"line":19,"column":5},"end":{"line":19,"column":17}}},"3":{"name":"(anonymous_3)","line":23,"loc":{"start":{"line":23,"column":24},"end":{"line":23,"column":36}}}},"statementMap":{"1":{"start":{"line":12,"column":0},"end":{"line":53,"column":5}},"2":{"start":{"line":14,"column":4},"end":{"line":14,"column":14}},"3":{"start":{"line":19,"column":4},"end":{"line":52,"column":9}},"4":{"start":{"line":21,"column":8},"end":{"line":21,"column":19}},"5":{"start":{"line":23,"column":8},"end":{"line":35,"column":13}},"6":{"start":{"line":24,"column":12},"end":{"line":34,"column":13}},"7":{"start":{"line":25,"column":16},"end":{"line":28,"column":30}},"8":{"start":{"line":30,"column":16},"end":{"line":33,"column":27}},"9":{"start":{"line":37,"column":8},"end":{"line":39,"column":21}},"10":{"start":{"line":41,"column":8},"end":{"line":41,"column":54}},"11":{"start":{"line":43,"column":8},"end":{"line":43,"column":53}},"12":{"start":{"line":45,"column":8},"end":{"line":51,"column":9}},"13":{"start":{"line":46,"column":12},"end":{"line":46,"column":59}},"14":{"start":{"line":48,"column":12},"end":{"line":48,"column":35}},"15":{"start":{"line":49,"column":12},"end":{"line":49,"column":49}},"16":{"start":{"line":50,"column":12},"end":{"line":50,"column":43}}},"branchMap":{"1":{"line":25,"type":"binary-expr","locations":[{"start":{"line":25,"column":23},"end":{"line":25,"column":62}},{"start":{"line":26,"column":20},"end":{"line":26,"column":70}},{"start":{"line":27,"column":20},"end":{"line":27,"column":71}},{"start":{"line":28,"column":20},"end":{"line":28,"column":29}}]},"2":{"line":30,"type":"binary-expr","locations":[{"start":{"line":30,"column":23},"end":{"line":30,"column":37}},{"start":{"line":31,"column":20},"end":{"line":31,"column":61}},{"start":{"line":32,"column":20},"end":{"line":32,"column":70}},{"start":{"line":33,"column":20},"end":{"line":33,"column":26}}]},"3":{"line":37,"type":"cond-expr","locations":[{"start":{"line":38,"column":14},"end":{"line":38,"column":20}},{"start":{"line":39,"column":14},"end":{"line":39,"column":20}}]},"4":{"line":41,"type":"binary-expr","locations":[{"start":{"line":41,"column":16},"end":{"line":41,"column":44}},{"start":{"line":41,"column":48},"end":{"line":41,"column":53}}]},"5":{"line":45,"type":"if","locations":[{"start":{"line":45,"column":8},"end":{"line":45,"column":8}},{"start":{"line":45,"column":8},"end":{"line":45,"column":8}}]}},"code":["/* istanbul instrument in package npmtest_mootools */","/*jslint","    bitwise: true,","    browser: true,","    maxerr: 8,","    maxlen: 96,","    node: true,","    nomen: true,","    regexp: true,","    stupid: true","*/","(function () {","    'use strict';","    var local;","","","","    // run shared js-env code - init-before","    (function () {","        // init local","        local = {};","        // init modeJs","        local.modeJs = (function () {","            try {","                return typeof navigator.userAgent === 'string' &&","                    typeof document.querySelector('body') === 'object' &&","                    typeof XMLHttpRequest.prototype.open === 'function' &&","                    'browser';","            } catch (errorCaughtBrowser) {","                return module.exports &&","                    typeof process.versions.node === 'string' &&","                    typeof require('http').createServer === 'function' &&","                    'node';","            }","        }());","        // init global","        local.global = local.modeJs === 'browser'","            ? window","            : global;","        // init utility2_rollup","        local = local.global.utility2_rollup || local;","        // init lib","        local.local = local.npmtest_mootools = local;","        // init exports","        if (local.modeJs === 'browser') {","            local.global.utility2_npmtest_mootools = local;","        } else {","            module.exports = local;","            module.exports.__dirname = __dirname;","            module.exports.module = module;","        }","    }());","}());",""],"l":{"12":2,"14":2,"19":2,"21":2,"23":2,"24":2,"25":2,"30":1,"37":2,"41":2,"43":2,"45":2,"46":1,"48":1,"49":1,"50":1}},"/home/travis/build/npmtest/node-npmtest-mootools/example.js":{"path":"/home/travis/build/npmtest/node-npmtest-mootools/example.js","s":{"1":2,"2":2,"3":2,"4":2,"5":2,"6":2,"7":2,"8":1,"9":2,"10":2,"11":2,"12":2,"13":1,"14":2,"15":2,"16":2,"17":2,"18":2,"19":0,"20":2,"21":1,"22":1,"23":1,"24":1,"25":1,"26":0,"27":0,"28":1,"29":1,"30":2,"31":0,"32":0,"33":0,"34":1,"35":2,"36":2,"37":3,"38":3,"39":3,"40":3,"41":0,"42":3,"43":3,"44":3,"45":1,"46":3,"47":1,"48":1,"49":1,"50":1,"51":1,"52":1,"53":1,"54":1,"55":1,"56":1,"57":0,"58":1,"59":6,"60":6,"61":1,"62":2,"63":0,"64":2,"65":1,"66":1,"67":0,"68":0,"69":0,"70":0,"71":0,"72":0,"73":0,"74":0,"75":0,"76":0,"77":0,"78":0,"79":0,"80":0,"81":0,"82":0,"83":0},"b":{"1":[2,1,1,1],"2":[1,1,1,1],"3":[1,1],"4":[2,2],"5":[1,1],"6":[1,1],"7":[2,0],"8":[2,1,1,1,1,1],"9":[0,2,0],"10":[1,1],"11":[2,1,1],"12":[1,0],"13":[0,2],"14":[2,0,0,0,0,0,0],"15":[0,3],"16":[3,0],"17":[1,1],"18":[0,1],"19":[1,2,0,2],"20":[1,0],"21":[1,1],"22":[0,0],"23":[0,0],"24":[0,0],"25":[0,0],"26":[0,0],"27":[0,0],"28":[0,0]},"f":{"1":2,"2":2,"3":2,"4":2,"5":2,"6":2,"7":3,"8":3,"9":3,"10":1,"11":6,"12":0},"fnMap":{"1":{"name":"(anonymous_1)","line":26,"loc":{"start":{"line":26,"column":1},"end":{"line":26,"column":13}}},"2":{"name":"(anonymous_2)","line":33,"loc":{"start":{"line":33,"column":5},"end":{"line":33,"column":17}}},"3":{"name":"(anonymous_3)","line":37,"loc":{"start":{"line":37,"column":24},"end":{"line":37,"column":36}}},"4":{"name":"(anonymous_4)","line":69,"loc":{"start":{"line":69,"column":31},"end":{"line":69,"column":48}},"skip":true},"5":{"name":"(anonymous_5)","line":78,"loc":{"start":{"line":78,"column":26},"end":{"line":78,"column":45}},"skip":true},"6":{"name":"(anonymous_6)","line":123,"loc":{"start":{"line":123,"column":33},"end":{"line":123,"column":48}},"skip":true},"7":{"name":"(anonymous_7)","line":125,"loc":{"start":{"line":125,"column":27},"end":{"line":125,"column":39}},"skip":true},"8":{"name":"(anonymous_8)","line":133,"loc":{"start":{"line":133,"column":59},"end":{"line":133,"column":74}},"skip":true},"9":{"name":"(anonymous_9)","line":143,"loc":{"start":{"line":143,"column":45},"end":{"line":143,"column":62}},"skip":true},"10":{"name":"(anonymous_10)","line":144,"loc":{"start":{"line":144,"column":73},"end":{"line":144,"column":92}},"skip":true},"11":{"name":"(anonymous_11)","line":272,"loc":{"start":{"line":272,"column":51},"end":{"line":272,"column":77}},"skip":true},"12":{"name":"(anonymous_12)","line":315,"loc":{"start":{"line":315,"column":32},"end":{"line":315,"column":61}},"skip":true}},"statementMap":{"1":{"start":{"line":26,"column":0},"end":{"line":326,"column":5}},"2":{"start":{"line":28,"column":4},"end":{"line":28,"column":14}},"3":{"start":{"line":33,"column":4},"end":{"line":60,"column":9}},"4":{"start":{"line":35,"column":8},"end":{"line":35,"column":19}},"5":{"start":{"line":37,"column":8},"end":{"line":49,"column":13}},"6":{"start":{"line":38,"column":12},"end":{"line":48,"column":13}},"7":{"start":{"line":39,"column":16},"end":{"line":42,"column":30}},"8":{"start":{"line":44,"column":16},"end":{"line":47,"column":27}},"9":{"start":{"line":51,"column":8},"end":{"line":53,"column":21}},"10":{"start":{"line":55,"column":8},"end":{"line":57,"column":45}},"11":{"start":{"line":59,"column":8},"end":{"line":59,"column":35}},"12":{"start":{"line":61,"column":4},"end":{"line":325,"column":5}},"13":{"start":{"line":69,"column":8},"end":{"line":121,"column":10},"skip":true},"14":{"start":{"line":70,"column":12},"end":{"line":88,"column":13},"skip":true},"15":{"start":{"line":76,"column":16},"end":{"line":87,"column":19},"skip":true},"16":{"start":{"line":79,"column":20},"end":{"line":86,"column":21},"skip":true},"17":{"start":{"line":82,"column":24},"end":{"line":82,"column":43},"skip":true},"18":{"start":{"line":83,"column":24},"end":{"line":83,"column":30},"skip":true},"19":{"start":{"line":85,"column":24},"end":{"line":85,"column":49},"skip":true},"20":{"start":{"line":89,"column":12},"end":{"line":107,"column":13},"skip":true},"21":{"start":{"line":92,"column":16},"end":{"line":102,"column":17},"skip":true},"22":{"start":{"line":93,"column":20},"end":{"line":93,"column":86},"skip":true},"23":{"start":{"line":94,"column":20},"end":{"line":95,"column":45},"skip":true},"24":{"start":{"line":96,"column":20},"end":{"line":96,"column":42},"skip":true},"25":{"start":{"line":97,"column":20},"end":{"line":97,"column":48},"skip":true},"26":{"start":{"line":100,"column":20},"end":{"line":100,"column":85},"skip":true},"27":{"start":{"line":101,"column":20},"end":{"line":101,"column":96},"skip":true},"28":{"start":{"line":103,"column":16},"end":{"line":103,"column":22},"skip":true},"29":{"start":{"line":106,"column":16},"end":{"line":106,"column":22},"skip":true},"30":{"start":{"line":108,"column":12},"end":{"line":120,"column":13},"skip":true},"31":{"start":{"line":114,"column":16},"end":{"line":119,"column":17},"skip":true},"32":{"start":{"line":116,"column":20},"end":{"line":116,"column":78},"skip":true},"33":{"start":{"line":118,"column":20},"end":{"line":118,"column":47},"skip":true},"34":{"start":{"line":123,"column":8},"end":{"line":141,"column":11},"skip":true},"35":{"start":{"line":124,"column":12},"end":{"line":124,"column":54},"skip":true},"36":{"start":{"line":125,"column":12},"end":{"line":140,"column":14},"skip":true},"37":{"start":{"line":126,"column":16},"end":{"line":126,"column":28},"skip":true},"38":{"start":{"line":127,"column":16},"end":{"line":127,"column":69},"skip":true},"39":{"start":{"line":128,"column":16},"end":{"line":128,"column":75},"skip":true},"40":{"start":{"line":129,"column":16},"end":{"line":131,"column":17},"skip":true},"41":{"start":{"line":130,"column":20},"end":{"line":130,"column":27},"skip":true},"42":{"start":{"line":133,"column":16},"end":{"line":137,"column":36},"skip":true},"43":{"start":{"line":134,"column":20},"end":{"line":136,"column":55},"skip":true},"44":{"start":{"line":139,"column":16},"end":{"line":139,"column":57},"skip":true},"45":{"start":{"line":143,"column":8},"end":{"line":147,"column":11},"skip":true},"46":{"start":{"line":144,"column":12},"end":{"line":146,"column":15},"skip":true},"47":{"start":{"line":145,"column":16},"end":{"line":145,"column":70},"skip":true},"48":{"start":{"line":149,"column":8},"end":{"line":149,"column":31},"skip":true},"49":{"start":{"line":150,"column":8},"end":{"line":150,"column":14},"skip":true},"50":{"start":{"line":158,"column":8},"end":{"line":158,"column":31},"skip":true},"51":{"start":{"line":160,"column":8},"end":{"line":160,"column":33},"skip":true},"52":{"start":{"line":161,"column":8},"end":{"line":161,"column":37},"skip":true},"53":{"start":{"line":162,"column":8},"end":{"line":162,"column":35},"skip":true},"54":{"start":{"line":164,"column":8},"end":{"line":164,"column":50},"skip":true},"55":{"start":{"line":166,"column":8},"end":{"line":256,"column":2},"skip":true},"56":{"start":{"line":258,"column":8},"end":{"line":286,"column":9},"skip":true},"57":{"start":{"line":259,"column":12},"end":{"line":269,"column":14},"skip":true},"58":{"start":{"line":271,"column":12},"end":{"line":285,"column":19},"skip":true},"59":{"start":{"line":274,"column":20},"end":{"line":274,"column":35},"skip":true},"60":{"start":{"line":275,"column":20},"end":{"line":284,"column":21},"skip":true},"61":{"start":{"line":277,"column":24},"end":{"line":277,"column":64},"skip":true},"62":{"start":{"line":279,"column":24},"end":{"line":279,"column":40},"skip":true},"63":{"start":{"line":281,"column":24},"end":{"line":281,"column":40},"skip":true},"64":{"start":{"line":283,"column":24},"end":{"line":283,"column":39},"skip":true},"65":{"start":{"line":288,"column":8},"end":{"line":290,"column":9},"skip":true},"66":{"start":{"line":289,"column":12},"end":{"line":289,"column":18},"skip":true},"67":{"start":{"line":291,"column":8},"end":{"line":293,"column":54},"skip":true},"68":{"start":{"line":296,"column":8},"end":{"line":301,"column":37},"skip":true},"69":{"start":{"line":303,"column":8},"end":{"line":303,"column":82},"skip":true},"70":{"start":{"line":306,"column":8},"end":{"line":308,"column":9},"skip":true},"71":{"start":{"line":307,"column":12},"end":{"line":307,"column":82},"skip":true},"72":{"start":{"line":310,"column":8},"end":{"line":312,"column":9},"skip":true},"73":{"start":{"line":311,"column":12},"end":{"line":311,"column":18},"skip":true},"74":{"start":{"line":313,"column":8},"end":{"line":313,"column":54},"skip":true},"75":{"start":{"line":314,"column":8},"end":{"line":314,"column":69},"skip":true},"76":{"start":{"line":315,"column":8},"end":{"line":323,"column":36},"skip":true},"77":{"start":{"line":316,"column":12},"end":{"line":316,"column":61},"skip":true},"78":{"start":{"line":317,"column":12},"end":{"line":320,"column":13},"skip":true},"79":{"start":{"line":318,"column":16},"end":{"line":318,"column":75},"skip":true},"80":{"start":{"line":319,"column":16},"end":{"line":319,"column":23},"skip":true},"81":{"start":{"line":321,"column":12},"end":{"line":321,"column":38},"skip":true},"82":{"start":{"line":322,"column":12},"end":{"line":322,"column":27},"skip":true},"83":{"start":{"line":324,"column":8},"end":{"line":324,"column":14},"skip":true}},"branchMap":{"1":{"line":39,"type":"binary-expr","locations":[{"start":{"line":39,"column":23},"end":{"line":39,"column":62}},{"start":{"line":40,"column":20},"end":{"line":40,"column":70}},{"start":{"line":41,"column":20},"end":{"line":41,"column":71}},{"start":{"line":42,"column":20},"end":{"line":42,"column":29}}]},"2":{"line":44,"type":"binary-expr","locations":[{"start":{"line":44,"column":23},"end":{"line":44,"column":37}},{"start":{"line":45,"column":20},"end":{"line":45,"column":61}},{"start":{"line":46,"column":20},"end":{"line":46,"column":70}},{"start":{"line":47,"column":20},"end":{"line":47,"column":26}}]},"3":{"line":51,"type":"cond-expr","locations":[{"start":{"line":52,"column":14},"end":{"line":52,"column":20}},{"start":{"line":53,"column":14},"end":{"line":53,"column":20}}]},"4":{"line":55,"type":"binary-expr","locations":[{"start":{"line":55,"column":16},"end":{"line":55,"column":44}},{"start":{"line":55,"column":49},"end":{"line":57,"column":43}}]},"5":{"line":55,"type":"cond-expr","locations":[{"start":{"line":56,"column":14},"end":{"line":56,"column":52}},{"start":{"line":57,"column":14},"end":{"line":57,"column":43}}]},"6":{"line":61,"type":"switch","locations":[{"start":{"line":68,"column":4},"end":{"line":150,"column":14},"skip":true},{"start":{"line":156,"column":4},"end":{"line":324,"column":14},"skip":true}]},"7":{"line":70,"type":"if","locations":[{"start":{"line":70,"column":12},"end":{"line":70,"column":12},"skip":true},{"start":{"line":70,"column":12},"end":{"line":70,"column":12},"skip":true}]},"8":{"line":70,"type":"binary-expr","locations":[{"start":{"line":70,"column":16},"end":{"line":70,"column":22},"skip":true},{"start":{"line":70,"column":27},"end":{"line":70,"column":32},"skip":true},{"start":{"line":71,"column":20},"end":{"line":71,"column":39},"skip":true},{"start":{"line":72,"column":20},"end":{"line":72,"column":49},"skip":true},{"start":{"line":73,"column":20},"end":{"line":73,"column":58},"skip":true},{"start":{"line":74,"column":20},"end":{"line":74,"column":69},"skip":true}]},"9":{"line":79,"type":"switch","locations":[{"start":{"line":80,"column":20},"end":{"line":80,"column":33},"skip":true},{"start":{"line":81,"column":20},"end":{"line":83,"column":30},"skip":true},{"start":{"line":84,"column":20},"end":{"line":85,"column":49},"skip":true}]},"10":{"line":89,"type":"switch","locations":[{"start":{"line":90,"column":12},"end":{"line":103,"column":22},"skip":true},{"start":{"line":105,"column":12},"end":{"line":106,"column":22},"skip":true}]},"11":{"line":89,"type":"binary-expr","locations":[{"start":{"line":89,"column":20},"end":{"line":89,"column":25},"skip":true},{"start":{"line":89,"column":29},"end":{"line":89,"column":48},"skip":true},{"start":{"line":89,"column":52},"end":{"line":89,"column":74},"skip":true}]},"12":{"line":92,"type":"if","locations":[{"start":{"line":92,"column":16},"end":{"line":92,"column":16},"skip":true},{"start":{"line":92,"column":16},"end":{"line":92,"column":16},"skip":true}]},"13":{"line":108,"type":"if","locations":[{"start":{"line":108,"column":12},"end":{"line":108,"column":12},"skip":true},{"start":{"line":108,"column":12},"end":{"line":108,"column":12},"skip":true}]},"14":{"line":108,"type":"binary-expr","locations":[{"start":{"line":108,"column":16},"end":{"line":108,"column":61},"skip":true},{"start":{"line":108,"column":66},"end":{"line":108,"column":72},"skip":true},{"start":{"line":108,"column":77},"end":{"line":108,"column":82},"skip":true},{"start":{"line":109,"column":20},"end":{"line":109,"column":39},"skip":true},{"start":{"line":110,"column":20},"end":{"line":110,"column":49},"skip":true},{"start":{"line":111,"column":20},"end":{"line":111,"column":58},"skip":true},{"start":{"line":112,"column":20},"end":{"line":112,"column":68},"skip":true}]},"15":{"line":129,"type":"if","locations":[{"start":{"line":129,"column":16},"end":{"line":129,"column":16},"skip":true},{"start":{"line":129,"column":16},"end":{"line":129,"column":16},"skip":true}]},"16":{"line":134,"type":"cond-expr","locations":[{"start":{"line":135,"column":26},"end":{"line":135,"column":29},"skip":true},{"start":{"line":136,"column":26},"end":{"line":136,"column":54},"skip":true}]},"17":{"line":164,"type":"binary-expr","locations":[{"start":{"line":164,"column":27},"end":{"line":164,"column":43},"skip":true},{"start":{"line":164,"column":47},"end":{"line":164,"column":49},"skip":true}]},"18":{"line":258,"type":"if","locations":[{"start":{"line":258,"column":8},"end":{"line":258,"column":8},"skip":true},{"start":{"line":258,"column":8},"end":{"line":258,"column":8},"skip":true}]},"19":{"line":275,"type":"switch","locations":[{"start":{"line":276,"column":20},"end":{"line":277,"column":64},"skip":true},{"start":{"line":278,"column":20},"end":{"line":279,"column":40},"skip":true},{"start":{"line":280,"column":20},"end":{"line":281,"column":40},"skip":true},{"start":{"line":282,"column":20},"end":{"line":283,"column":39},"skip":true}]},"20":{"line":288,"type":"if","locations":[{"start":{"line":288,"column":8},"end":{"line":288,"column":8},"skip":true},{"start":{"line":288,"column":8},"end":{"line":288,"column":8},"skip":true}]},"21":{"line":288,"type":"binary-expr","locations":[{"start":{"line":288,"column":12},"end":{"line":288,"column":40},"skip":true},{"start":{"line":288,"column":44},"end":{"line":288,"column":67},"skip":true}]},"22":{"line":292,"type":"binary-expr","locations":[{"start":{"line":292,"column":12},"end":{"line":292,"column":50},"skip":true},{"start":{"line":293,"column":12},"end":{"line":293,"column":53},"skip":true}]},"23":{"line":297,"type":"binary-expr","locations":[{"start":{"line":297,"column":12},"end":{"line":297,"column":66},"skip":true},{"start":{"line":298,"column":12},"end":{"line":301,"column":36},"skip":true}]},"24":{"line":303,"type":"binary-expr","locations":[{"start":{"line":303,"column":43},"end":{"line":303,"column":75},"skip":true},{"start":{"line":303,"column":79},"end":{"line":303,"column":81},"skip":true}]},"25":{"line":306,"type":"if","locations":[{"start":{"line":306,"column":8},"end":{"line":306,"column":8},"skip":true},{"start":{"line":306,"column":8},"end":{"line":306,"column":8},"skip":true}]},"26":{"line":310,"type":"if","locations":[{"start":{"line":310,"column":8},"end":{"line":310,"column":8},"skip":true},{"start":{"line":310,"column":8},"end":{"line":310,"column":8},"skip":true}]},"27":{"line":313,"type":"binary-expr","locations":[{"start":{"line":313,"column":27},"end":{"line":313,"column":43},"skip":true},{"start":{"line":313,"column":47},"end":{"line":313,"column":53},"skip":true}]},"28":{"line":317,"type":"if","locations":[{"start":{"line":317,"column":12},"end":{"line":317,"column":12},"skip":true},{"start":{"line":317,"column":12},"end":{"line":317,"column":12},"skip":true}]}},"code":["/*","example.js","","quickstart example","","instruction","    1. save this script as example.js","    2. run the shell command:","        $ npm install npmtest-mootools && PORT=8081 node example.js","    3. play with the browser-demo on http://127.0.0.1:8081","*/","","","","/* istanbul instrument in package npmtest_mootools */","/*jslint","    bitwise: true,","    browser: true,","    maxerr: 8,","    maxlen: 96,","    node: true,","    nomen: true,","    regexp: true,","    stupid: true","*/","(function () {","    'use strict';","    var local;","","","","    // run shared js-env code - init-before","    (function () {","        // init local","        local = {};","        // init modeJs","        local.modeJs = (function () {","            try {","                return typeof navigator.userAgent === 'string' &&","                    typeof document.querySelector('body') === 'object' &&","                    typeof XMLHttpRequest.prototype.open === 'function' &&","                    'browser';","            } catch (errorCaughtBrowser) {","                return module.exports &&","                    typeof process.versions.node === 'string' &&","                    typeof require('http').createServer === 'function' &&","                    'node';","            }","        }());","        // init global","        local.global = local.modeJs === 'browser'","            ? window","            : global;","        // init utility2_rollup","        local = local.global.utility2_rollup || (local.modeJs === 'browser'","            ? local.global.utility2_npmtest_mootools","            : global.utility2_moduleExports);","        // export local","        local.global.local = local;","    }());","    switch (local.modeJs) {","","","","    // init-after","    // run browser js-env code - init-after","    /* istanbul ignore next */","    case 'browser':","        local.testRunBrowser = function (event) {","            if (!event || (event &&","                    event.currentTarget &&","                    event.currentTarget.className &&","                    event.currentTarget.className.includes &&","                    event.currentTarget.className.includes('onreset'))) {","                // reset output","                Array.from(","                    document.querySelectorAll('body > .resettable')","                ).forEach(function (element) {","                    switch (element.tagName) {","                    case 'INPUT':","                    case 'TEXTAREA':","                        element.value = '';","                        break;","                    default:","                        element.textContent = '';","                    }","                });","            }","            switch (event && event.currentTarget && event.currentTarget.id) {","            case 'testRunButton1':","                // show tests","                if (document.querySelector('#testReportDiv1').style.display === 'none') {","                    document.querySelector('#testReportDiv1').style.display = 'block';","                    document.querySelector('#testRunButton1').textContent =","                        'hide internal test';","                    local.modeTest = true;","                    local.testRunDefault(local);","                // hide tests","                } else {","                    document.querySelector('#testReportDiv1').style.display = 'none';","                    document.querySelector('#testRunButton1').textContent = 'run internal test';","                }","                break;","            // custom-case","            default:","                break;","            }","            if (document.querySelector('#inputTextareaEval1') && (!event || (event &&","                    event.currentTarget &&","                    event.currentTarget.className &&","                    event.currentTarget.className.includes &&","                    event.currentTarget.className.includes('oneval')))) {","                // try to eval input-code","                try {","                    /*jslint evil: true*/","                    eval(document.querySelector('#inputTextareaEval1').value);","                } catch (errorCaught) {","                    console.error(errorCaught);","                }","            }","        };","        // log stderr and stdout to #outputTextareaStdout1","        ['error', 'log'].forEach(function (key) {","            console[key + '_original'] = console[key];","            console[key] = function () {","                var element;","                console[key + '_original'].apply(console, arguments);","                element = document.querySelector('#outputTextareaStdout1');","                if (!element) {","                    return;","                }","                // append text to #outputTextareaStdout1","                element.value += Array.from(arguments).map(function (arg) {","                    return typeof arg === 'string'","                        ? arg","                        : JSON.stringify(arg, null, 4);","                }).join(' ') + '\\n';","                // scroll textarea to bottom","                element.scrollTop = element.scrollHeight;","            };","        });","        // init event-handling","        ['change', 'click', 'keyup'].forEach(function (event) {","            Array.from(document.querySelectorAll('.on' + event)).forEach(function (element) {","                element.addEventListener(event, local.testRunBrowser);","            });","        });","        // run tests","        local.testRunBrowser();","        break;","","","","    // run node js-env code - init-after","    /* istanbul ignore next */","    case 'node':","        // export local","        module.exports = local;","        // require modules","        local.fs = require('fs');","        local.http = require('http');","        local.url = require('url');","        // init assets","        local.assetsDict = local.assetsDict || {};","        /* jslint-ignore-begin */","        local.assetsDict['/assets.index.template.html'] = '\\","<!doctype html>\\n\\","<html lang=\"en\">\\n\\","<head>\\n\\","<meta charset=\"UTF-8\">\\n\\","<meta name=\"viewport\" content=\"width=device-width, initial-scale=1\">\\n\\","<title>{{env.npm_package_name}} (v{{env.npm_package_version}})</title>\\n\\","<style>\\n\\","/*csslint\\n\\","    box-sizing: false,\\n\\","    universal-selector: false\\n\\","*/\\n\\","* {\\n\\","    box-sizing: border-box;\\n\\","}\\n\\","body {\\n\\","    background: #dde;\\n\\","    font-family: Arial, Helvetica, sans-serif;\\n\\","    margin: 2rem;\\n\\","}\\n\\","body > * {\\n\\","    margin-bottom: 1rem;\\n\\","}\\n\\",".utility2FooterDiv {\\n\\","    margin-top: 20px;\\n\\","    text-align: center;\\n\\","}\\n\\","</style>\\n\\","<style>\\n\\","/*csslint\\n\\","*/\\n\\","textarea {\\n\\","    font-family: monospace;\\n\\","    height: 10rem;\\n\\","    width: 100%;\\n\\","}\\n\\","textarea[readonly] {\\n\\","    background: #ddd;\\n\\","}\\n\\","</style>\\n\\","</head>\\n\\","<body>\\n\\","<!-- utility2-comment\\n\\","<div id=\"ajaxProgressDiv1\" style=\"background: #d00; height: 2px; left: 0; margin: 0; padding: 0; position: fixed; top: 0; transition: background 0.5s, width 1.5s; width: 25%;\"></div>\\n\\","utility2-comment -->\\n\\","<h1>\\n\\","<!-- utility2-comment\\n\\","    <a\\n\\","        {{#if env.npm_package_homepage}}\\n\\","        href=\"{{env.npm_package_homepage}}\"\\n\\","        {{/if env.npm_package_homepage}}\\n\\","        target=\"_blank\"\\n\\","    >\\n\\","utility2-comment -->\\n\\","        {{env.npm_package_name}} (v{{env.npm_package_version}})\\n\\","<!-- utility2-comment\\n\\","    </a>\\n\\","utility2-comment -->\\n\\","</h1>\\n\\","<h3>{{env.npm_package_description}}</h3>\\n\\","<!-- utility2-comment\\n\\","<h4><a download href=\"assets.app.js\">download standalone app</a></h4>\\n\\","<button class=\"onclick onreset\" id=\"testRunButton1\">run internal test</button><br>\\n\\","<div id=\"testReportDiv1\" style=\"display: none;\"></div>\\n\\","utility2-comment -->\\n\\","\\n\\","\\n\\","\\n\\","<label>stderr and stdout</label>\\n\\","<textarea class=\"resettable\" id=\"outputTextareaStdout1\" readonly></textarea>\\n\\","<!-- utility2-comment\\n\\","{{#if isRollup}}\\n\\","<script src=\"assets.app.js\"></script>\\n\\","{{#unless isRollup}}\\n\\","utility2-comment -->\\n\\","<script src=\"assets.utility2.rollup.js\"></script>\\n\\","<script src=\"jsonp.utility2._stateInit?callback=window.utility2._stateInit\"></script>\\n\\","<script src=\"assets.npmtest_mootools.rollup.js\"></script>\\n\\","<script src=\"assets.example.js\"></script>\\n\\","<script src=\"assets.test.js\"></script>\\n\\","<!-- utility2-comment\\n\\","{{/if isRollup}}\\n\\","utility2-comment -->\\n\\","<div class=\"utility2FooterDiv\">\\n\\","    [ this app was created with\\n\\","    <a href=\"https://github.com/kaizhu256/node-utility2\" target=\"_blank\">utility2</a>\\n\\","    ]\\n\\","</div>\\n\\","</body>\\n\\","</html>\\n\\","';","        /* jslint-ignore-end */","        if (local.templateRender) {","            local.assetsDict['/'] = local.templateRender(","                local.assetsDict['/assets.index.template.html'],","                {","                    env: local.objectSetDefault(local.env, {","                        npm_package_description: 'the greatest app in the world!',","                        npm_package_name: 'my-app',","                        npm_package_nameAlias: 'my_app',","                        npm_package_version: '0.0.1'","                    })","                }","            );","        } else {","            local.assetsDict['/'] = local.assetsDict['/assets.index.template.html']","                .replace((/\\{\\{env\\.(\\w+?)\\}\\}/g), function (match0, match1) {","                    // jslint-hack","                    String(match0);","                    switch (match1) {","                    case 'npm_package_description':","                        return 'the greatest app in the world!';","                    case 'npm_package_name':","                        return 'my-app';","                    case 'npm_package_nameAlias':","                        return 'my_app';","                    case 'npm_package_version':","                        return '0.0.1';","                    }","                });","        }","        // run the cli","        if (local.global.utility2_rollup || module !== require.main) {","            break;","        }","        local.assetsDict['/assets.example.js'] =","            local.assetsDict['/assets.example.js'] ||","            local.fs.readFileSync(__filename, 'utf8');","        // bug-workaround - long $npm_package_buildCustomOrg","        /* jslint-ignore-begin */","        local.assetsDict['/assets.npmtest_mootools.rollup.js'] =","            local.assetsDict['/assets.npmtest_mootools.rollup.js'] ||","            local.fs.readFileSync(","                local.npmtest_mootools.__dirname + '/lib.npmtest_mootools.js',","                'utf8'","            ).replace((/^#!/), '//');","        /* jslint-ignore-end */","        local.assetsDict['/favicon.ico'] = local.assetsDict['/favicon.ico'] || '';","        // if $npm_config_timeout_exit exists,","        // then exit this process after $npm_config_timeout_exit ms","        if (Number(process.env.npm_config_timeout_exit)) {","            setTimeout(process.exit, Number(process.env.npm_config_timeout_exit));","        }","        // start server","        if (local.global.utility2_serverHttp1) {","            break;","        }","        process.env.PORT = process.env.PORT || '8081';","        console.error('server starting on port ' + process.env.PORT);","        local.http.createServer(function (request, response) {","            request.urlParsed = local.url.parse(request.url);","            if (local.assetsDict[request.urlParsed.pathname] !== undefined) {","                response.end(local.assetsDict[request.urlParsed.pathname]);","                return;","            }","            response.statusCode = 404;","            response.end();","        }).listen(process.env.PORT);","        break;","    }","}());",""],"l":{"26":2,"28":2,"33":2,"35":2,"37":2,"38":2,"39":2,"44":1,"51":2,"55":2,"59":2,"61":2,"69":1,"70":2,"76":2,"79":2,"82":2,"83":2,"85":1,"89":2,"92":1,"93":1,"94":1,"96":1,"97":1,"100":1,"101":1,"103":1,"106":1,"108":2,"114":1,"116":1,"118":1,"123":1,"124":2,"125":2,"126":3,"127":3,"128":3,"129":3,"130":1,"133":3,"134":3,"139":3,"143":1,"144":3,"145":1,"149":1,"150":1,"158":1,"160":1,"161":1,"162":1,"164":1,"166":1,"258":1,"259":1,"271":1,"274":6,"275":6,"277":1,"279":2,"281":1,"283":2,"288":1,"289":1,"291":1,"296":1,"303":1,"306":1,"307":1,"310":1,"311":1,"313":1,"314":1,"315":1,"316":1,"317":1,"318":1,"319":1,"321":1,"322":1,"324":1}},"/home/travis/build/npmtest/node-npmtest-mootools/node_modules/mootools/lib/mootools-core-1.5.2-server.js":{"path":"/home/travis/build/npmtest/node-npmtest-mootools/node_modules/mootools/lib/mootools-core-1.5.2-server.js","s":{"1":1,"2":1,"3":1,"4":241,"5":1,"6":240,"7":168,"8":72,"9":0,"10":0,"11":0,"12":0,"13":72,"14":70,"15":33,"16":37,"17":0,"18":39,"19":1,"20":3,"21":0,"22":3,"23":3,"24":3,"25":0,"26":3,"27":3,"28":1,"29":1,"30":1,"31":7,"32":7,"33":85,"34":0,"35":85,"36":36,"37":177,"38":49,"39":85,"40":1,"41":0,"42":0,"43":0,"44":0,"45":0,"46":0,"47":0,"48":0,"49":0,"50":0,"51":0,"52":0,"53":0,"54":0,"55":0,"56":1,"57":89,"58":1,"59":6,"60":1,"61":1,"62":0,"63":0,"64":1,"65":33,"66":0,"67":33,"68":1,"69":0,"70":0,"71":1,"72":0,"73":1,"74":10,"75":10,"76":61,"77":61,"78":1,"79":14,"80":14,"81":14,"82":0,"83":14,"84":14,"85":9,"86":146,"87":14,"88":5,"89":9,"90":9,"91":9,"92":9,"93":1,"94":1,"95":33,"96":1,"97":1,"98":101,"99":101,"100":1,"101":101,"102":0,"103":101,"104":101,"105":0,"106":0,"107":0,"108":0,"109":101,"110":101,"111":57,"112":101,"113":91,"114":2,"115":1,"116":110,"117":0,"118":110,"119":110,"120":108,"121":1,"122":1,"123":0,"124":0,"125":1,"126":1,"127":7,"128":7,"129":6,"130":7,"131":60,"132":60,"133":18,"134":60,"135":43,"136":7,"137":6,"138":6,"139":0,"140":0,"141":0,"142":0,"143":0,"144":7,"145":1,"146":1,"147":1,"148":0,"149":1,"150":1,"151":22,"152":1,"153":0,"154":1,"155":2,"156":2,"157":1,"158":0,"159":0,"160":0,"161":0,"162":0,"163":0,"164":0,"165":1,"166":1,"167":0,"168":0,"169":0,"170":0,"171":1,"172":1,"173":1,"174":0,"175":1,"176":1,"177":2,"178":1,"179":0,"180":1,"181":1,"182":1,"183":1,"184":0,"185":2,"186":1,"187":2,"188":2,"189":0,"190":0,"191":0,"192":0,"193":0,"194":1,"195":1,"196":0,"197":1,"198":0,"199":0,"200":0,"201":0,"202":0,"203":1,"204":5,"205":1,"206":1,"207":0,"208":1,"209":0,"210":0,"211":0,"212":0,"213":0,"214":0,"215":0,"216":0,"217":0,"218":0,"219":0,"220":0,"221":0,"222":0,"223":0,"224":0,"225":0,"226":0,"227":0,"228":0,"229":0,"230":0,"231":0,"232":0,"233":0,"234":0,"235":0,"236":0,"237":0,"238":0,"239":0,"240":0,"241":0,"242":0,"243":0,"244":0,"245":0,"246":0,"247":0,"248":0,"249":0,"250":0,"251":0,"252":0,"253":0,"254":0,"255":0,"256":0,"257":0,"258":0,"259":0,"260":0,"261":0,"262":0,"263":0,"264":0,"265":0,"266":0,"267":0,"268":0,"269":0,"270":1,"271":0,"272":0,"273":0,"274":0,"275":0,"276":0,"277":0,"278":0,"279":0,"280":0,"281":0,"282":0,"283":0,"284":0,"285":0,"286":0,"287":0,"288":0,"289":0,"290":0,"291":0,"292":1,"293":0,"294":0,"295":0,"296":0,"297":0,"298":0,"299":0,"300":1,"301":1,"302":1,"303":1,"304":16,"305":16,"306":0,"307":1,"308":1,"309":0,"310":0,"311":0,"312":0,"313":1,"314":0,"315":0,"316":0,"317":0,"318":0,"319":0,"320":0,"321":0,"322":0,"323":0,"324":1,"325":1,"326":1,"327":0,"328":0,"329":0,"330":0,"331":0,"332":0,"333":0,"334":0,"335":0,"336":0,"337":0,"338":0,"339":0,"340":0,"341":0,"342":0,"343":0,"344":0,"345":0,"346":0,"347":0,"348":0,"349":0,"350":0,"351":0,"352":0,"353":0,"354":0,"355":0,"356":0,"357":0,"358":0,"359":0,"360":0,"361":0,"362":0,"363":0,"364":0,"365":0,"366":0,"367":0,"368":0,"369":0,"370":0,"371":0,"372":0,"373":0,"374":0,"375":0,"376":0,"377":0,"378":0,"379":0,"380":0,"381":0,"382":0,"383":0,"384":0,"385":0,"386":0,"387":0,"388":0,"389":1,"390":1,"391":3,"392":0,"393":3,"394":0,"395":0,"396":0,"397":0,"398":0,"399":0,"400":0,"401":0,"402":3,"403":3,"404":3,"405":3,"406":1,"407":0,"408":0,"409":0,"410":0,"411":0,"412":0,"413":1,"414":0,"415":0,"416":0,"417":0,"418":0,"419":0,"420":0,"421":0,"422":0,"423":0,"424":1,"425":9,"426":0,"427":9,"428":0,"429":0,"430":0,"431":0,"432":0,"433":0,"434":0,"435":0,"436":0,"437":9,"438":1,"439":11,"440":0,"441":0,"442":0,"443":11,"444":9,"445":0,"446":9,"447":2,"448":11,"449":1,"450":0,"451":0,"452":0,"453":0,"454":1,"455":1,"456":0,"457":0,"458":0,"459":0,"460":0,"461":0,"462":1,"463":1,"464":0,"465":0,"466":0,"467":0,"468":0,"469":1,"470":0,"471":0,"472":1,"473":0,"474":0,"475":0,"476":0,"477":0,"478":0,"479":0,"480":0,"481":0,"482":0,"483":0,"484":0,"485":0,"486":0,"487":0,"488":0,"489":0,"490":0,"491":0,"492":0,"493":0,"494":0,"495":0,"496":0,"497":0,"498":0,"499":0,"500":0,"501":0,"502":0,"503":0,"504":0,"505":0,"506":0,"507":0,"508":0,"509":0,"510":0,"511":0,"512":0,"513":1,"514":0,"515":0,"516":0,"517":0,"518":0,"519":0,"520":0,"521":0,"522":1,"523":0,"524":1,"525":1,"526":1,"527":0,"528":1,"529":0,"530":0,"531":1,"532":0,"533":0,"534":0,"535":0,"536":0,"537":0,"538":0,"539":0,"540":0,"541":0,"542":0,"543":0,"544":0,"545":0,"546":0,"547":1,"548":1,"549":0,"550":0,"551":0,"552":0,"553":0,"554":0,"555":0,"556":0,"557":0,"558":0},"b":{"1":[1,240],"2":[168,72],"3":[0,72],"4":[0,0],"5":[0,0],"6":[0,0],"7":[70,2],"8":[33,37],"9":[0,37],"10":[0,3],"11":[3,3],"12":[0,3],"13":[0,85],"14":[36,49],"15":[85,85],"16":[0,0],"17":[0,0],"18":[0,0],"19":[0,0],"20":[0,0],"21":[0,33],"22":[33,0],"23":[33,33],"24":[0,33],"25":[0,0],"26":[14,0],"27":[9,5],"28":[5,9],"29":[33,33,33],"30":[101,6],"31":[0,101],"32":[101,101],"33":[0,0],"34":[57,44],"35":[101,44],"36":[91,10],"37":[101,91],"38":[0,110],"39":[110,110],"40":[108,2],"41":[110,2],"42":[6,1],"43":[18,42],"44":[43,17],"45":[60,47],"46":[6,1],"47":[0,0],"48":[22,0],"49":[0,0],"50":[0,0,0],"51":[1,1,0],"52":[0,1],"53":[2,0],"54":[0,0],"55":[0,0],"56":[0,0],"57":[0,0],"58":[0,0],"59":[0,0],"60":[0,0],"61":[0,0],"62":[0,0,0,0],"63":[0,0],"64":[0,0],"65":[0,0],"66":[0,0],"67":[0,0],"68":[0,0],"69":[0,0,0],"70":[0,0],"71":[0,0],"72":[0,0],"73":[0,0],"74":[0,0],"75":[0,0],"76":[0,0],"77":[0,0],"78":[0,0],"79":[0,0],"80":[0,0],"81":[0,0],"82":[0,0],"83":[16,0],"84":[0,0],"85":[0,0],"86":[0,0],"87":[0,0],"88":[0,0],"89":[0,0],"90":[0,0],"91":[0,0],"92":[0,0],"93":[0,0],"94":[0,0,0],"95":[0,0],"96":[0,3],"97":[0,0],"98":[0,0],"99":[0,0],"100":[0,0],"101":[0,0],"102":[0,0],"103":[0,9],"104":[0,0],"105":[0,0],"106":[0,11],"107":[0,0],"108":[9,2],"109":[0,9],"110":[0,9],"111":[0,0],"112":[0,0],"113":[0,0],"114":[0,0],"115":[0,0],"116":[0,0],"117":[0,0],"118":[0,0],"119":[0,0],"120":[0,0],"121":[0,0],"122":[0,0],"123":[0,0],"124":[0,0],"125":[0,0],"126":[0,0],"127":[0,1],"128":[0,0],"129":[1,0],"130":[0,0],"131":[0,0],"132":[0,0,0,0,0,0,0],"133":[0,0],"134":[0,0],"135":[0,0],"136":[0,0],"137":[0,0],"138":[0,0],"139":[0,0]},"f":{"1":1,"2":241,"3":3,"4":7,"5":85,"6":0,"7":0,"8":89,"9":6,"10":0,"11":0,"12":33,"13":0,"14":0,"15":10,"16":61,"17":14,"18":0,"19":146,"20":33,"21":101,"22":101,"23":2,"24":110,"25":1,"26":0,"27":7,"28":0,"29":0,"30":22,"31":0,"32":2,"33":0,"34":0,"35":0,"36":0,"37":1,"38":2,"39":2,"40":1,"41":0,"42":5,"43":0,"44":0,"45":0,"46":0,"47":0,"48":0,"49":0,"50":0,"51":0,"52":0,"53":0,"54":0,"55":0,"56":0,"57":0,"58":0,"59":0,"60":0,"61":0,"62":0,"63":0,"64":0,"65":0,"66":0,"67":0,"68":0,"69":0,"70":0,"71":0,"72":0,"73":0,"74":0,"75":0,"76":0,"77":0,"78":0,"79":0,"80":0,"81":0,"82":0,"83":0,"84":0,"85":1,"86":16,"87":0,"88":0,"89":0,"90":0,"91":0,"92":0,"93":0,"94":1,"95":0,"96":0,"97":0,"98":0,"99":0,"100":0,"101":0,"102":0,"103":0,"104":0,"105":0,"106":0,"107":1,"108":3,"109":0,"110":0,"111":0,"112":0,"113":9,"114":0,"115":11,"116":0,"117":0,"118":0,"119":0,"120":1,"121":0,"122":0,"123":0,"124":0,"125":0,"126":0,"127":0,"128":0,"129":0,"130":0,"131":0,"132":0,"133":1,"134":0,"135":0,"136":0,"137":0,"138":0,"139":0},"fnMap":{"1":{"name":"(anonymous_1)","line":23,"loc":{"start":{"line":23,"column":1},"end":{"line":23,"column":11}}},"2":{"name":"(anonymous_2)","line":32,"loc":{"start":{"line":32,"column":27},"end":{"line":32,"column":41}}},"3":{"name":"(anonymous_3)","line":47,"loc":{"start":{"line":47,"column":35},"end":{"line":47,"column":57}}},"4":{"name":"(anonymous_4)","line":66,"loc":{"start":{"line":66,"column":36},"end":{"line":66,"column":55}}},"5":{"name":"(anonymous_5)","line":68,"loc":{"start":{"line":68,"column":8},"end":{"line":68,"column":22}}},"6":{"name":"(anonymous_6)","line":80,"loc":{"start":{"line":80,"column":36},"end":{"line":80,"column":55}}},"7":{"name":"(anonymous_7)","line":82,"loc":{"start":{"line":82,"column":8},"end":{"line":82,"column":19}}},"8":{"name":"(anonymous_8)","line":97,"loc":{"start":{"line":97,"column":28},"end":{"line":97,"column":48}}},"9":{"name":"(anonymous_9)","line":101,"loc":{"start":{"line":101,"column":31},"end":{"line":101,"column":51}}},"10":{"name":"(anonymous_10)","line":109,"loc":{"start":{"line":109,"column":16},"end":{"line":109,"column":30}}},"11":{"name":"(anonymous_11)","line":110,"loc":{"start":{"line":110,"column":46},"end":{"line":110,"column":56}}},"12":{"name":"(anonymous_12)","line":115,"loc":{"start":{"line":115,"column":13},"end":{"line":115,"column":27}}},"13":{"name":"(anonymous_13)","line":120,"loc":{"start":{"line":120,"column":14},"end":{"line":120,"column":28}}},"14":{"name":"(anonymous_14)","line":125,"loc":{"start":{"line":125,"column":14},"end":{"line":125,"column":28}}},"15":{"name":"(anonymous_15)","line":133,"loc":{"start":{"line":133,"column":7},"end":{"line":133,"column":17}}},"16":{"name":"(anonymous_16)","line":138,"loc":{"start":{"line":138,"column":10},"end":{"line":138,"column":20}}},"17":{"name":"(anonymous_17)","line":147,"loc":{"start":{"line":147,"column":23},"end":{"line":147,"column":45}}},"18":{"name":"(anonymous_18)","line":150,"loc":{"start":{"line":150,"column":18},"end":{"line":150,"column":32}}},"19":{"name":"(anonymous_19)","line":156,"loc":{"start":{"line":156,"column":31},"end":{"line":156,"column":41}}},"20":{"name":"(anonymous_20)","line":174,"loc":{"start":{"line":174,"column":20},"end":{"line":174,"column":34}}},"21":{"name":"(anonymous_21)","line":180,"loc":{"start":{"line":180,"column":14},"end":{"line":180,"column":30}}},"22":{"name":"(anonymous_22)","line":185,"loc":{"start":{"line":185,"column":16},"end":{"line":185,"column":38}}},"23":{"name":"(anonymous_23)","line":199,"loc":{"start":{"line":199,"column":81},"end":{"line":199,"column":95}}},"24":{"name":"(anonymous_24)","line":204,"loc":{"start":{"line":204,"column":13},"end":{"line":204,"column":35}}},"25":{"name":"(anonymous_25)","line":216,"loc":{"start":{"line":216,"column":8},"end":{"line":216,"column":32}}},"26":{"name":"(anonymous_26)","line":220,"loc":{"start":{"line":220,"column":9},"end":{"line":220,"column":23}}},"27":{"name":"(anonymous_27)","line":231,"loc":{"start":{"line":231,"column":12},"end":{"line":231,"column":43}}},"28":{"name":"(anonymous_28)","line":248,"loc":{"start":{"line":248,"column":25},"end":{"line":248,"column":37}}},"29":{"name":"(anonymous_29)","line":279,"loc":{"start":{"line":279,"column":19},"end":{"line":279,"column":29}}},"30":{"name":"(anonymous_30)","line":287,"loc":{"start":{"line":287,"column":27},"end":{"line":287,"column":37}}},"31":{"name":"(anonymous_31)","line":293,"loc":{"start":{"line":293,"column":24},"end":{"line":293,"column":42}}},"32":{"name":"(anonymous_32)","line":303,"loc":{"start":{"line":303,"column":7},"end":{"line":303,"column":25}}},"33":{"name":"(anonymous_33)","line":312,"loc":{"start":{"line":312,"column":7},"end":{"line":312,"column":23}}},"34":{"name":"(anonymous_34)","line":321,"loc":{"start":{"line":321,"column":10},"end":{"line":321,"column":36}}},"35":{"name":"(anonymous_35)","line":322,"loc":{"start":{"line":322,"column":30},"end":{"line":322,"column":43}}},"36":{"name":"(anonymous_36)","line":334,"loc":{"start":{"line":334,"column":14},"end":{"line":334,"column":28}}},"37":{"name":"(anonymous_37)","line":342,"loc":{"start":{"line":342,"column":25},"end":{"line":342,"column":35}}},"38":{"name":"(anonymous_38)","line":348,"loc":{"start":{"line":348,"column":15},"end":{"line":348,"column":45}}},"39":{"name":"(anonymous_39)","line":362,"loc":{"start":{"line":362,"column":8},"end":{"line":362,"column":30}}},"40":{"name":"(anonymous_40)","line":371,"loc":{"start":{"line":371,"column":8},"end":{"line":371,"column":24}}},"41":{"name":"(anonymous_41)","line":377,"loc":{"start":{"line":377,"column":9},"end":{"line":377,"column":27}}},"42":{"name":"(anonymous_42)","line":389,"loc":{"start":{"line":389,"column":69},"end":{"line":389,"column":83}}},"43":{"name":"(anonymous_43)","line":397,"loc":{"start":{"line":397,"column":26},"end":{"line":397,"column":36}}},"44":{"name":"(anonymous_44)","line":425,"loc":{"start":{"line":425,"column":8},"end":{"line":425,"column":18}}},"45":{"name":"(anonymous_45)","line":426,"loc":{"start":{"line":426,"column":21},"end":{"line":426,"column":35}}},"46":{"name":"(anonymous_46)","line":431,"loc":{"start":{"line":431,"column":9},"end":{"line":431,"column":29}}},"47":{"name":"(anonymous_47)","line":433,"loc":{"start":{"line":433,"column":18},"end":{"line":433,"column":32}}},"48":{"name":"(anonymous_48)","line":438,"loc":{"start":{"line":438,"column":12},"end":{"line":438,"column":26}}},"49":{"name":"(anonymous_49)","line":444,"loc":{"start":{"line":444,"column":7},"end":{"line":444,"column":23}}},"50":{"name":"(anonymous_50)","line":458,"loc":{"start":{"line":458,"column":11},"end":{"line":458,"column":31}}},"51":{"name":"(anonymous_51)","line":462,"loc":{"start":{"line":462,"column":9},"end":{"line":462,"column":24}}},"52":{"name":"(anonymous_52)","line":467,"loc":{"start":{"line":467,"column":10},"end":{"line":467,"column":20}}},"53":{"name":"(anonymous_53)","line":471,"loc":{"start":{"line":471,"column":12},"end":{"line":471,"column":22}}},"54":{"name":"(anonymous_54)","line":475,"loc":{"start":{"line":475,"column":10},"end":{"line":475,"column":24}}},"55":{"name":"(anonymous_55)","line":480,"loc":{"start":{"line":480,"column":10},"end":{"line":480,"column":25}}},"56":{"name":"(anonymous_56)","line":485,"loc":{"start":{"line":485,"column":8},"end":{"line":485,"column":22}}},"57":{"name":"(anonymous_57)","line":492,"loc":{"start":{"line":492,"column":8},"end":{"line":492,"column":18}}},"58":{"name":"(anonymous_58)","line":497,"loc":{"start":{"line":497,"column":10},"end":{"line":497,"column":20}}},"59":{"name":"(anonymous_59)","line":507,"loc":{"start":{"line":507,"column":7},"end":{"line":507,"column":17}}},"60":{"name":"(anonymous_60)","line":514,"loc":{"start":{"line":514,"column":11},"end":{"line":514,"column":26}}},"61":{"name":"(anonymous_61)","line":516,"loc":{"start":{"line":516,"column":21},"end":{"line":516,"column":36}}},"62":{"name":"(anonymous_62)","line":523,"loc":{"start":{"line":523,"column":11},"end":{"line":523,"column":26}}},"63":{"name":"(anonymous_63)","line":557,"loc":{"start":{"line":557,"column":11},"end":{"line":557,"column":34}}},"64":{"name":"(anonymous_64)","line":562,"loc":{"start":{"line":562,"column":7},"end":{"line":562,"column":30}}},"65":{"name":"(anonymous_65)","line":566,"loc":{"start":{"line":566,"column":7},"end":{"line":566,"column":17}}},"66":{"name":"(anonymous_66)","line":570,"loc":{"start":{"line":570,"column":8},"end":{"line":570,"column":18}}},"67":{"name":"(anonymous_67)","line":574,"loc":{"start":{"line":574,"column":12},"end":{"line":574,"column":22}}},"68":{"name":"(anonymous_68)","line":575,"loc":{"start":{"line":575,"column":38},"end":{"line":575,"column":53}}},"69":{"name":"(anonymous_69)","line":580,"loc":{"start":{"line":580,"column":12},"end":{"line":580,"column":22}}},"70":{"name":"(anonymous_70)","line":581,"loc":{"start":{"line":581,"column":40},"end":{"line":581,"column":55}}},"71":{"name":"(anonymous_71)","line":586,"loc":{"start":{"line":586,"column":13},"end":{"line":586,"column":23}}},"72":{"name":"(anonymous_72)","line":587,"loc":{"start":{"line":587,"column":42},"end":{"line":587,"column":57}}},"73":{"name":"(anonymous_73)","line":592,"loc":{"start":{"line":592,"column":15},"end":{"line":592,"column":25}}},"74":{"name":"(anonymous_74)","line":596,"loc":{"start":{"line":596,"column":8},"end":{"line":596,"column":22}}},"75":{"name":"(anonymous_75)","line":600,"loc":{"start":{"line":600,"column":10},"end":{"line":600,"column":20}}},"76":{"name":"(anonymous_76)","line":604,"loc":{"start":{"line":604,"column":11},"end":{"line":604,"column":26}}},"77":{"name":"(anonymous_77)","line":609,"loc":{"start":{"line":609,"column":11},"end":{"line":609,"column":26}}},"78":{"name":"(anonymous_78)","line":614,"loc":{"start":{"line":614,"column":13},"end":{"line":614,"column":37}}},"79":{"name":"(anonymous_79)","line":615,"loc":{"start":{"line":615,"column":62},"end":{"line":615,"column":83}}},"80":{"name":"(anonymous_80)","line":643,"loc":{"start":{"line":643,"column":8},"end":{"line":643,"column":26}}},"81":{"name":"(anonymous_81)","line":647,"loc":{"start":{"line":647,"column":8},"end":{"line":647,"column":27}}},"82":{"name":"(anonymous_82)","line":652,"loc":{"start":{"line":652,"column":8},"end":{"line":652,"column":26}}},"83":{"name":"(anonymous_83)","line":656,"loc":{"start":{"line":656,"column":10},"end":{"line":656,"column":20}}},"84":{"name":"(anonymous_84)","line":660,"loc":{"start":{"line":660,"column":8},"end":{"line":660,"column":22}}},"85":{"name":"(anonymous_85)","line":668,"loc":{"start":{"line":668,"column":1},"end":{"line":668,"column":15}}},"86":{"name":"(anonymous_86)","line":670,"loc":{"start":{"line":670,"column":11},"end":{"line":670,"column":25}}},"87":{"name":"(anonymous_87)","line":671,"loc":{"start":{"line":671,"column":37},"end":{"line":671,"column":47}}},"88":{"name":"(anonymous_88)","line":696,"loc":{"start":{"line":696,"column":10},"end":{"line":696,"column":20}}},"89":{"name":"(anonymous_89)","line":709,"loc":{"start":{"line":709,"column":10},"end":{"line":709,"column":30}}},"90":{"name":"(anonymous_90)","line":719,"loc":{"start":{"line":719,"column":7},"end":{"line":719,"column":27}}},"91":{"name":"(anonymous_91)","line":722,"loc":{"start":{"line":722,"column":9},"end":{"line":722,"column":19}}},"92":{"name":"(anonymous_92)","line":727,"loc":{"start":{"line":727,"column":8},"end":{"line":727,"column":35}}},"93":{"name":"(anonymous_93)","line":731,"loc":{"start":{"line":731,"column":13},"end":{"line":731,"column":45}}},"94":{"name":"(anonymous_94)","line":755,"loc":{"start":{"line":755,"column":1},"end":{"line":755,"column":11}}},"95":{"name":"(anonymous_95)","line":761,"loc":{"start":{"line":761,"column":9},"end":{"line":761,"column":31}}},"96":{"name":"(anonymous_96)","line":770,"loc":{"start":{"line":770,"column":6},"end":{"line":770,"column":32}}},"97":{"name":"(anonymous_97)","line":780,"loc":{"start":{"line":780,"column":9},"end":{"line":780,"column":35}}},"98":{"name":"(anonymous_98)","line":790,"loc":{"start":{"line":790,"column":8},"end":{"line":790,"column":34}}},"99":{"name":"(anonymous_99)","line":799,"loc":{"start":{"line":799,"column":7},"end":{"line":799,"column":33}}},"100":{"name":"(anonymous_100)","line":808,"loc":{"start":{"line":808,"column":9},"end":{"line":808,"column":25}}},"101":{"name":"(anonymous_101)","line":818,"loc":{"start":{"line":818,"column":12},"end":{"line":818,"column":28}}},"102":{"name":"(anonymous_102)","line":822,"loc":{"start":{"line":822,"column":8},"end":{"line":822,"column":31}}},"103":{"name":"(anonymous_103)","line":831,"loc":{"start":{"line":831,"column":11},"end":{"line":831,"column":34}}},"104":{"name":"(anonymous_104)","line":835,"loc":{"start":{"line":835,"column":16},"end":{"line":835,"column":38}}},"105":{"name":"(anonymous_105)","line":838,"loc":{"start":{"line":838,"column":22},"end":{"line":838,"column":42}}},"106":{"name":"(anonymous_106)","line":845,"loc":{"start":{"line":845,"column":16},"end":{"line":845,"column":32}}},"107":{"name":"(anonymous_107)","line":880,"loc":{"start":{"line":880,"column":1},"end":{"line":880,"column":11}}},"108":{"name":"(anonymous_108)","line":882,"loc":{"start":{"line":882,"column":43},"end":{"line":882,"column":59}}},"109":{"name":"(anonymous_109)","line":885,"loc":{"start":{"line":885,"column":16},"end":{"line":885,"column":26}}},"110":{"name":"(anonymous_110)","line":902,"loc":{"start":{"line":902,"column":13},"end":{"line":902,"column":23}}},"111":{"name":"(anonymous_111)","line":911,"loc":{"start":{"line":911,"column":12},"end":{"line":911,"column":28}}},"112":{"name":"(anonymous_112)","line":916,"loc":{"start":{"line":916,"column":12},"end":{"line":916,"column":22}}},"113":{"name":"(anonymous_113)","line":926,"loc":{"start":{"line":926,"column":11},"end":{"line":926,"column":38}}},"114":{"name":"(anonymous_114)","line":928,"loc":{"start":{"line":928,"column":15},"end":{"line":928,"column":25}}},"115":{"name":"(anonymous_115)","line":939,"loc":{"start":{"line":939,"column":16},"end":{"line":939,"column":44}}},"116":{"name":"(anonymous_116)","line":955,"loc":{"start":{"line":955,"column":18},"end":{"line":955,"column":33}}},"117":{"name":"(anonymous_117)","line":966,"loc":{"start":{"line":966,"column":10},"end":{"line":966,"column":26}}},"118":{"name":"(anonymous_118)","line":971,"loc":{"start":{"line":971,"column":13},"end":{"line":971,"column":28}}},"119":{"name":"(anonymous_119)","line":972,"loc":{"start":{"line":972,"column":25},"end":{"line":972,"column":39}}},"120":{"name":"(anonymous_120)","line":997,"loc":{"start":{"line":997,"column":1},"end":{"line":997,"column":11}}},"121":{"name":"(anonymous_121)","line":1003,"loc":{"start":{"line":1003,"column":8},"end":{"line":1003,"column":18}}},"122":{"name":"(anonymous_122)","line":1008,"loc":{"start":{"line":1008,"column":12},"end":{"line":1008,"column":22}}},"123":{"name":"(anonymous_123)","line":1012,"loc":{"start":{"line":1012,"column":13},"end":{"line":1012,"column":23}}},"124":{"name":"(anonymous_124)","line":1019,"loc":{"start":{"line":1019,"column":15},"end":{"line":1019,"column":31}}},"125":{"name":"(anonymous_125)","line":1020,"loc":{"start":{"line":1020,"column":37},"end":{"line":1020,"column":58}}},"126":{"name":"(anonymous_126)","line":1029,"loc":{"start":{"line":1029,"column":11},"end":{"line":1029,"column":39}}},"127":{"name":"(anonymous_127)","line":1039,"loc":{"start":{"line":1039,"column":12},"end":{"line":1039,"column":28}}},"128":{"name":"(anonymous_128)","line":1044,"loc":{"start":{"line":1044,"column":12},"end":{"line":1044,"column":39}}},"129":{"name":"(anonymous_129)","line":1049,"loc":{"start":{"line":1049,"column":14},"end":{"line":1049,"column":26}}},"130":{"name":"(anonymous_130)","line":1056,"loc":{"start":{"line":1056,"column":14},"end":{"line":1056,"column":32}}},"131":{"name":"(anonymous_131)","line":1066,"loc":{"start":{"line":1066,"column":15},"end":{"line":1066,"column":31}}},"132":{"name":"(anonymous_132)","line":1087,"loc":{"start":{"line":1087,"column":13},"end":{"line":1087,"column":23}}},"133":{"name":"(anonymous_133)","line":1123,"loc":{"start":{"line":1123,"column":1},"end":{"line":1123,"column":11}}},"134":{"name":"(anonymous_134)","line":1127,"loc":{"start":{"line":1127,"column":13},"end":{"line":1127,"column":26}}},"135":{"name":"(anonymous_135)","line":1131,"loc":{"start":{"line":1131,"column":16},"end":{"line":1131,"column":32}}},"136":{"name":"(anonymous_136)","line":1139,"loc":{"start":{"line":1139,"column":31},"end":{"line":1139,"column":44}}},"137":{"name":"(anonymous_137)","line":1141,"loc":{"start":{"line":1141,"column":4},"end":{"line":1141,"column":17}}},"138":{"name":"(anonymous_138)","line":1151,"loc":{"start":{"line":1151,"column":20},"end":{"line":1151,"column":40}}},"139":{"name":"(anonymous_139)","line":1166,"loc":{"start":{"line":1166,"column":14},"end":{"line":1166,"column":38}}}},"statementMap":{"1":{"start":{"line":23,"column":0},"end":{"line":403,"column":5}},"2":{"start":{"line":25,"column":0},"end":{"line":28,"column":2}},"3":{"start":{"line":32,"column":0},"end":{"line":45,"column":2}},"4":{"start":{"line":33,"column":1},"end":{"line":33,"column":33}},"5":{"start":{"line":33,"column":19},"end":{"line":33,"column":33}},"6":{"start":{"line":34,"column":1},"end":{"line":34,"column":49}},"7":{"start":{"line":34,"column":27},"end":{"line":34,"column":49}},"8":{"start":{"line":36,"column":1},"end":{"line":42,"column":2}},"9":{"start":{"line":37,"column":2},"end":{"line":37,"column":43}},"10":{"start":{"line":37,"column":26},"end":{"line":37,"column":43}},"11":{"start":{"line":38,"column":2},"end":{"line":38,"column":89}},"12":{"start":{"line":38,"column":26},"end":{"line":38,"column":89}},"13":{"start":{"line":39,"column":8},"end":{"line":42,"column":2}},"14":{"start":{"line":40,"column":2},"end":{"line":40,"column":43}},"15":{"start":{"line":40,"column":24},"end":{"line":40,"column":43}},"16":{"start":{"line":41,"column":2},"end":{"line":41,"column":42}},"17":{"start":{"line":41,"column":22},"end":{"line":41,"column":42}},"18":{"start":{"line":44,"column":1},"end":{"line":44,"column":20}},"19":{"start":{"line":47,"column":0},"end":{"line":56,"column":2}},"20":{"start":{"line":48,"column":1},"end":{"line":48,"column":32}},"21":{"start":{"line":48,"column":19},"end":{"line":48,"column":32}},"22":{"start":{"line":49,"column":1},"end":{"line":49,"column":57}},"23":{"start":{"line":50,"column":1},"end":{"line":53,"column":2}},"24":{"start":{"line":51,"column":2},"end":{"line":51,"column":42}},"25":{"start":{"line":51,"column":30},"end":{"line":51,"column":42}},"26":{"start":{"line":52,"column":2},"end":{"line":52,"column":35}},"27":{"start":{"line":55,"column":1},"end":{"line":55,"column":31}},"28":{"start":{"line":58,"column":0},"end":{"line":58,"column":53}},"29":{"start":{"line":64,"column":0},"end":{"line":64,"column":29}},"30":{"start":{"line":66,"column":0},"end":{"line":78,"column":2}},"31":{"start":{"line":67,"column":1},"end":{"line":67,"column":17}},"32":{"start":{"line":68,"column":1},"end":{"line":77,"column":3}},"33":{"start":{"line":69,"column":2},"end":{"line":69,"column":29}},"34":{"start":{"line":69,"column":17},"end":{"line":69,"column":29}},"35":{"start":{"line":70,"column":2},"end":{"line":75,"column":3}},"36":{"start":{"line":71,"column":3},"end":{"line":71,"column":45}},"37":{"start":{"line":71,"column":20},"end":{"line":71,"column":45}},"38":{"start":{"line":74,"column":3},"end":{"line":74,"column":25}},"39":{"start":{"line":76,"column":2},"end":{"line":76,"column":14}},"40":{"start":{"line":80,"column":0},"end":{"line":95,"column":2}},"41":{"start":{"line":81,"column":1},"end":{"line":81,"column":17}},"42":{"start":{"line":82,"column":1},"end":{"line":94,"column":3}},"43":{"start":{"line":83,"column":2},"end":{"line":83,"column":19}},"44":{"start":{"line":84,"column":2},"end":{"line":86,"column":33}},"45":{"start":{"line":84,"column":28},"end":{"line":84,"column":37}},"46":{"start":{"line":85,"column":7},"end":{"line":86,"column":33}},"47":{"start":{"line":85,"column":33},"end":{"line":85,"column":50}},"48":{"start":{"line":86,"column":7},"end":{"line":86,"column":33}},"49":{"start":{"line":86,"column":22},"end":{"line":86,"column":33}},"50":{"start":{"line":87,"column":2},"end":{"line":92,"column":3}},"51":{"start":{"line":88,"column":3},"end":{"line":88,"column":15}},"52":{"start":{"line":89,"column":3},"end":{"line":89,"column":84}},"53":{"start":{"line":89,"column":41},"end":{"line":89,"column":84}},"54":{"start":{"line":91,"column":3},"end":{"line":91,"column":31}},"55":{"start":{"line":93,"column":2},"end":{"line":93,"column":16}},"56":{"start":{"line":97,"column":0},"end":{"line":99,"column":19}},"57":{"start":{"line":98,"column":1},"end":{"line":98,"column":19}},"58":{"start":{"line":101,"column":0},"end":{"line":103,"column":19}},"59":{"start":{"line":102,"column":1},"end":{"line":102,"column":29}},"60":{"start":{"line":107,"column":0},"end":{"line":107,"column":34}},"61":{"start":{"line":109,"column":0},"end":{"line":113,"column":2}},"62":{"start":{"line":110,"column":1},"end":{"line":112,"column":3}},"63":{"start":{"line":111,"column":2},"end":{"line":111,"column":14}},"64":{"start":{"line":115,"column":0},"end":{"line":118,"column":2}},"65":{"start":{"line":116,"column":1},"end":{"line":116,"column":29}},"66":{"start":{"line":116,"column":19},"end":{"line":116,"column":29}},"67":{"start":{"line":117,"column":1},"end":{"line":117,"column":124}},"68":{"start":{"line":120,"column":0},"end":{"line":123,"column":2}},"69":{"start":{"line":121,"column":1},"end":{"line":121,"column":31}},"70":{"start":{"line":122,"column":1},"end":{"line":122,"column":41}},"71":{"start":{"line":125,"column":0},"end":{"line":127,"column":2}},"72":{"start":{"line":126,"column":1},"end":{"line":126,"column":18}},"73":{"start":{"line":131,"column":0},"end":{"line":143,"column":3}},"74":{"start":{"line":134,"column":2},"end":{"line":134,"column":22}},"75":{"start":{"line":135,"column":2},"end":{"line":135,"column":14}},"76":{"start":{"line":139,"column":2},"end":{"line":139,"column":25}},"77":{"start":{"line":140,"column":2},"end":{"line":140,"column":14}},"78":{"start":{"line":147,"column":0},"end":{"line":170,"column":2}},"79":{"start":{"line":148,"column":1},"end":{"line":161,"column":2}},"80":{"start":{"line":149,"column":2},"end":{"line":149,"column":33}},"81":{"start":{"line":150,"column":2},"end":{"line":152,"column":4}},"82":{"start":{"line":151,"column":3},"end":{"line":151,"column":34}},"83":{"start":{"line":154,"column":2},"end":{"line":154,"column":32}},"84":{"start":{"line":155,"column":2},"end":{"line":160,"column":3}},"85":{"start":{"line":156,"column":3},"end":{"line":158,"column":13}},"86":{"start":{"line":157,"column":4},"end":{"line":157,"column":17}},"87":{"start":{"line":163,"column":1},"end":{"line":163,"column":33}},"88":{"start":{"line":163,"column":21},"end":{"line":163,"column":33}},"89":{"start":{"line":165,"column":1},"end":{"line":165,"column":21}},"90":{"start":{"line":166,"column":1},"end":{"line":166,"column":28}},"91":{"start":{"line":167,"column":1},"end":{"line":167,"column":40}},"92":{"start":{"line":169,"column":1},"end":{"line":169,"column":15}},"93":{"start":{"line":172,"column":0},"end":{"line":172,"column":41}},"94":{"start":{"line":174,"column":0},"end":{"line":176,"column":2}},"95":{"start":{"line":175,"column":1},"end":{"line":175,"column":104}},"96":{"start":{"line":178,"column":0},"end":{"line":178,"column":15}},"97":{"start":{"line":180,"column":0},"end":{"line":183,"column":2}},"98":{"start":{"line":181,"column":1},"end":{"lin
[...]
\t},","","\tpick: function(){","\t\tfor (var i = 0, l = this.length; i < l; i++){","\t\t\tif (this[i] != null) return this[i];","\t\t}","\t\treturn null;","\t},","","\thexToRgb: function(array){","\t\tif (this.length != 3) return null;","\t\tvar rgb = this.map(function(value){","\t\t\tif (value.length == 1) value += value;","\t\t\treturn parseInt(value, 16);","\t\t});","\t\treturn (array) ? rgb : 'rgb(' + rgb + ')';","\t},","","\trgbToHex: function(array){","\t\tif (this.length < 3) return null;","\t\tif (this.length == 4 && this[3] == 0 && !array) return 'transparent';","\t\tvar hex = [];","\t\tfor (var i = 0; i < 3; i++){","\t\t\tvar bit = (this[i] - 0).toString(16);","\t\t\thex.push((bit.length == 1) ? '0' + bit : bit);","\t\t}","\t\treturn (array) ? hex : '#' + hex.join('');","\t}","","});","","","","/*","---","","name: String","","description: Contains String Prototypes like camelCase, capitalize, test, and toInt.","","license: MIT-style license.","","requires: [Type, Array]","","provides: String","","...","*/","","String.implement({","","\t//<!ES6>","\tcontains: function(string, index){","\t\treturn (index ? String(this).slice(index) : String(this)).indexOf(string) > -1;","\t},","\t//</!ES6>","","\ttest: function(regex, params){","\t\treturn ((typeOf(regex) == 'regexp') ? regex : new RegExp('' + regex, params)).test(this);","\t},","","\ttrim: function(){","\t\treturn String(this).replace(/^\\s+|\\s+$/g, '');","\t},","","\tclean: function(){","\t\treturn String(this).replace(/\\s+/g, ' ').trim();","\t},","","\tcamelCase: function(){","\t\treturn String(this).replace(/-\\D/g, function(match){","\t\t\treturn match.charAt(1).toUpperCase();","\t\t});","\t},","","\thyphenate: function(){","\t\treturn String(this).replace(/[A-Z]/g, function(match){","\t\t\treturn ('-' + match.charAt(0).toLowerCase());","\t\t});","\t},","","\tcapitalize: function(){","\t\treturn String(this).replace(/\\b[a-z]/g, function(match){","\t\t\treturn match.toUpperCase();","\t\t});","\t},","","\tescapeRegExp: function(){","\t\treturn String(this).replace(/([-.*+?^${}()|[\\]\\/\\\\])/g, '\\\\$1');","\t},","","\ttoInt: function(base){","\t\treturn parseInt(this, base || 10);","\t},","","\ttoFloat: function(){","\t\treturn parseFloat(this);","\t},","","\thexToRgb: function(array){","\t\tvar hex = String(this).match(/^#?(\\w{1,2})(\\w{1,2})(\\w{1,2})$/);","\t\treturn (hex) ? hex.slice(1).hexToRgb(array) : null;","\t},","","\trgbToHex: function(array){","\t\tvar rgb = String(this).match(/\\d{1,3}/g);","\t\treturn (rgb) ? rgb.rgbToHex(array) : null;","\t},","","\tsubstitute: function(object, regexp){","\t\treturn String(this).replace(regexp || (/\\\\?\\{([^{}]+)\\}/g), function(match, name){","\t\t\tif (match.charAt(0) == '\\\\') return match.slice(1);","\t\t\treturn (object[name] != null) ? object[name] : '';","\t\t});","\t}","","});","","","","/*","---","","name: Number","","description: Contains Number Prototypes like limit, round, times, and ceil.","","license: MIT-style license.","","requires: Type","","provides: Number","","...","*/","","Number.implement({","","\tlimit: function(min, max){","\t\treturn Math.min(max, Math.max(min, this));","\t},","","\tround: function(precision){","\t\tprecision = Math.pow(10, precision || 0).toFixed(precision < 0 ? -precision : 0);","\t\treturn Math.round(this * precision) / precision;","\t},","","\ttimes: function(fn, bind){","\t\tfor (var i = 0; i < this; i++) fn.call(bind, i, this);","\t},","","\ttoFloat: function(){","\t\treturn parseFloat(this);","\t},","","\ttoInt: function(base){","\t\treturn parseInt(this, base || 10);","\t}","","});","","Number.alias('each', 'times');","","(function(math){","\tvar methods = {};","\tmath.each(function(name){","\t\tif (!Number[name]) methods[name] = function(){","\t\t\treturn Math[name].apply(null, [this].concat(Array.from(arguments)));","\t\t};","\t});","\tNumber.implement(methods);","})(['abs', 'acos', 'asin', 'atan', 'atan2', 'ceil', 'cos', 'exp', 'floor', 'log', 'max', 'min', 'pow', 'sin', 'sqrt', 'tan']);","","/*","---","","name: Function","","description: Contains Function Prototypes like create, bind, pass, and delay.","","license: MIT-style license.","","requires: Type","","provides: Function","","...","*/","","Function.extend({","","\tattempt: function(){","\t\tfor (var i = 0, l = arguments.length; i < l; i++){","\t\t\ttry {","\t\t\t\treturn arguments[i]();","\t\t\t} catch (e){}","\t\t}","\t\treturn null;","\t}","","});","","Function.implement({","","\tattempt: function(args, bind){","\t\ttry {","\t\t\treturn this.apply(bind, Array.from(args));","\t\t} catch (e){}","","\t\treturn null;","\t},","","\t","","\tpass: function(args, bind){","\t\tvar self = this;","\t\tif (args != null) args = Array.from(args);","\t\treturn function(){","\t\t\treturn self.apply(bind, args || arguments);","\t\t};","\t},","","\tdelay: function(delay, bind, args){","\t\treturn setTimeout(this.pass((args == null ? [] : args), bind), delay);","\t},","","\tperiodical: function(periodical, bind, args){","\t\treturn setInterval(this.pass((args == null ? [] : args), bind), periodical);","\t}","","});","","","","/*","---","","name: Object","","description: Object generic methods","","license: MIT-style license.","","requires: Type","","provides: [Object, Hash]","","...","*/","","(function(){","","var hasOwnProperty = Object.prototype.hasOwnProperty;","","Object.extend({","","\tsubset: function(object, keys){","\t\tvar results = {};","\t\tfor (var i = 0, l = keys.length; i < l; i++){","\t\t\tvar k = keys[i];","\t\t\tif (k in object) results[k] = object[k];","\t\t}","\t\treturn results;","\t},","","\tmap: function(object, fn, bind){","\t\tvar results = {};","\t\tvar keys = Object.keys(object);","\t\tfor (var i = 0; i < keys.length; i++){","\t\t\tvar key = keys[i];","\t\t\tresults[key] = fn.call(bind, object[key], key, object);","\t\t}","\t\treturn results;","\t},","","\tfilter: function(object, fn, bind){","\t\tvar results = {};","\t\tvar keys = Object.keys(object);","\t\tfor (var i = 0; i < keys.length; i++){","\t\t\tvar key = keys[i], value = object[key];","\t\t\tif (fn.call(bind, value, key, object)) results[key] = value;","\t\t}","\t\treturn results;","\t},","","\tevery: function(object, fn, bind){","\t\tvar keys = Object.keys(object);","\t\tfor (var i = 0; i < keys.length; i++){","\t\t\tvar key = keys[i];","\t\t\tif (!fn.call(bind, object[key], key)) return false;","\t\t}","\t\treturn true;","\t},","","\tsome: function(object, fn, bind){","\t\tvar keys = Object.keys(object);","\t\tfor (var i = 0; i < keys.length; i++){","\t\t\tvar key = keys[i];","\t\t\tif (fn.call(bind, object[key], key)) return true;","\t\t}","\t\treturn false;","\t},","","\tvalues: function(object){","\t\tvar values = [];","\t\tvar keys = Object.keys(object);","\t\tfor (var i = 0; i < keys.length; i++){","\t\t\tvar k = keys[i];","\t\t\tvalues.push(object[k]);","\t\t}","\t\treturn values;","\t},","","\tgetLength: function(object){","\t\treturn Object.keys(object).length;","\t},","","\tkeyOf: function(object, value){","\t\tvar keys = Object.keys(object);","\t\tfor (var i = 0; i < keys.length; i++){","\t\t\tvar key = keys[i];","\t\t\tif (object[key] === value) return key;","\t\t}","\t\treturn null;","\t},","","\tcontains: function(object, value){","\t\treturn Object.keyOf(object, value) != null;","\t},","","\ttoQueryString: function(object, base){","\t\tvar queryString = [];","","\t\tObject.each(object, function(value, key){","\t\t\tif (base) key = base + '[' + key + ']';","\t\t\tvar result;","\t\t\tswitch (typeOf(value)){","\t\t\t\tcase 'object': result = Object.toQueryString(value, key); break;","\t\t\t\tcase 'array':","\t\t\t\t\tvar qs = {};","\t\t\t\t\tvalue.each(function(val, i){","\t\t\t\t\t\tqs[i] = val;","\t\t\t\t\t});","\t\t\t\t\tresult = Object.toQueryString(qs, key);","\t\t\t\tbreak;","\t\t\t\tdefault: result = key + '=' + encodeURIComponent(value);","\t\t\t}","\t\t\tif (value != null) queryString.push(result);","\t\t});","","\t\treturn queryString.join('&');","\t}","","});","","})();","","","","/*","---","","name: Class","","description: Contains the Class Function for easily creating, extending, and implementing reusable Classes.","","license: MIT-style license.","","requires: [Array, String, Function, Number]","","provides: Class","","...","*/","","(function(){","","var Class = this.Class = new Type('Class', function(params){","\tif (instanceOf(params, Function)) params = {initialize: params};","","\tvar newClass = function(){","\t\treset(this);","\t\tif (newClass.$prototyping) return this;","\t\tthis.$caller = null;","\t\tthis.$family = null;","\t\tvar value = (this.initialize) ? this.initialize.apply(this, arguments) : this;","\t\tthis.$caller = this.caller = null;","\t\treturn value;","\t}.extend(this).implement(params);","","\tnewClass.$constructor = Class;","\tnewClass.prototype.$constructor = newClass;","\tnewClass.prototype.parent = parent;","","\treturn newClass;","});","","var parent = function(){","\tif (!this.$caller) throw new Error('The method \"parent\" cannot be called.');","\tvar name = this.$caller.$name,","\t\tparent = this.$caller.$owner.parent,","\t\tprevious = (parent) ? parent.prototype[name] : null;","\tif (!previous) throw new Error('The method \"' + name + '\" has no parent.');","\treturn previous.apply(this, arguments);","};","","var reset = function(object){","\tfor (var key in object){","\t\tvar value = object[key];","\t\tswitch (typeOf(value)){","\t\t\tcase 'object':","\t\t\t\tvar F = function(){};","\t\t\t\tF.prototype = value;","\t\t\t\tobject[key] = reset(new F);","\t\t\tbreak;","\t\t\tcase 'array': object[key] = value.clone(); break;","\t\t}","\t}","\treturn object;","};","","var wrap = function(self, key, method){","\tif (method.$origin) method = method.$origin;","\tvar wrapper = function(){","\t\tif (method.$protected && this.$caller == null) throw new Error('The method \"' + key + '\" cannot be called.');","\t\tvar caller = this.caller, current = this.$caller;","\t\tthis.caller = current; this.$caller = wrapper;","\t\tvar result = method.apply(this, arguments);","\t\tthis.$caller = current; this.caller = caller;","\t\treturn result;","\t}.extend({$owner: self, $origin: method, $name: key});","\treturn wrapper;","};","","var implement = function(key, value, retain){","\tif (Class.Mutators.hasOwnProperty(key)){","\t\tvalue = Class.Mutators[key].call(this, value);","\t\tif (value == null) return this;","\t}","","\tif (typeOf(value) == 'function'){","\t\tif (value.$hidden) return this;","\t\tthis.prototype[key] = (retain) ? value : wrap(this, key, value);","\t} else {","\t\tObject.merge(this.prototype, key, value);","\t}","","\treturn this;","};","","var getInstance = function(klass){","\tklass.$prototyping = true;","\tvar proto = new klass;","\tdelete klass.$prototyping;","\treturn proto;","};","","Class.implement('implement', implement.overloadSetter());","","Class.Mutators = {","","\tExtends: function(parent){","\t\tthis.parent = parent;","\t\tthis.prototype = getInstance(parent);","\t},","","\tImplements: function(items){","\t\tArray.from(items).each(function(item){","\t\t\tvar instance = new item;","\t\t\tfor (var key in instance) implement.call(this, key, instance[key], true);","\t\t}, this);","\t}","};","","})();","","/*","---","","name: Class.Extras","","description: Contains Utility Classes that can be implemented into your own Classes to ease the execution of many common tasks.","","license: MIT-style license.","","requires: Class","","provides: [Class.Extras, Chain, Events, Options]","","...","*/","","(function(){","","this.Chain = new Class({","","\t$chain: [],","","\tchain: function(){","\t\tthis.$chain.append(Array.flatten(arguments));","\t\treturn this;","\t},","","\tcallChain: function(){","\t\treturn (this.$chain.length) ? this.$chain.shift().apply(this, arguments) : false;","\t},","","\tclearChain: function(){","\t\tthis.$chain.empty();","\t\treturn this;","\t}","","});","","var removeOn = function(string){","\treturn string.replace(/^on([A-Z])/, function(full, first){","\t\treturn first.toLowerCase();","\t});","};","","this.Events = new Class({","","\t$events: {},","","\taddEvent: function(type, fn, internal){","\t\ttype = removeOn(type);","","\t\t","","\t\tthis.$events[type] = (this.$events[type] || []).include(fn);","\t\tif (internal) fn.internal = true;","\t\treturn this;","\t},","","\taddEvents: function(events){","\t\tfor (var type in events) this.addEvent(type, events[type]);","\t\treturn this;","\t},","","\tfireEvent: function(type, args, delay){","\t\ttype = removeOn(type);","\t\tvar events = this.$events[type];","\t\tif (!events) return this;","\t\targs = Array.from(args);","\t\tevents.each(function(fn){","\t\t\tif (delay) fn.delay(delay, this, args);","\t\t\telse fn.apply(this, args);","\t\t}, this);","\t\treturn this;","\t},","","\tremoveEvent: function(type, fn){","\t\ttype = removeOn(type);","\t\tvar events = this.$events[type];","\t\tif (events && !fn.internal){","\t\t\tvar index = events.indexOf(fn);","\t\t\tif (index != -1) delete events[index];","\t\t}","\t\treturn this;","\t},","","\tremoveEvents: function(events){","\t\tvar type;","\t\tif (typeOf(events) == 'object'){","\t\t\tfor (type in events) this.removeEvent(type, events[type]);","\t\t\treturn this;","\t\t}","\t\tif (events) events = removeOn(events);","\t\tfor (type in this.$events){","\t\t\tif (events && events != type) continue;","\t\t\tvar fns = this.$events[type];","\t\t\tfor (var i = fns.length; i--;) if (i in fns){","\t\t\t\tthis.removeEvent(type, fns[i]);","\t\t\t}","\t\t}","\t\treturn this;","\t}","","});","","this.Options = new Class({","","\tsetOptions: function(){","\t\tvar options = this.options = Object.merge.apply(null, [{}, this.options].append(arguments));","\t\tif (this.addEvent) for (var option in options){","\t\t\tif (typeOf(options[option]) != 'function' || !(/^on[A-Z]/).test(option)) continue;","\t\t\tthis.addEvent(option, options[option]);","\t\t\tdelete options[option];","\t\t}","\t\treturn this;","\t}","","});","","})();","","/*","---","","name: JSON","","description: JSON encoder and decoder.","","license: MIT-style license.","","SeeAlso: <http://www.json.org/>","","requires: [Array, String, Number, Function]","","provides: JSON","","...","*/","","if (typeof JSON == 'undefined') this.JSON = {};","","","","(function(){","","var special = {'\\b': '\\\\b', '\\t': '\\\\t', '\\n': '\\\\n', '\\f': '\\\\f', '\\r': '\\\\r', '\"' : '\\\\\"', '\\\\': '\\\\\\\\'};","","var escape = function(chr){","\treturn special[chr] || '\\\\u' + ('0000' + chr.charCodeAt(0).toString(16)).slice(-4);","};","","JSON.validate = function(string){","\tstring = string.replace(/\\\\(?:[\"\\\\\\/bfnrt]|u[0-9a-fA-F]{4})/g, '@').","\t\t\t\t\treplace(/\"[^\"\\\\\\n\\r]*\"|true|false|null|-?\\d+(?:\\.\\d*)?(?:[eE][+\\-]?\\d+)?/g, ']').","\t\t\t\t\treplace(/(?:^|:|,)(?:\\s*\\[)+/g, '');","","\treturn (/^[\\],:{}\\s]*$/).test(string);","};","","JSON.encode = JSON.stringify ? function(obj){","\treturn JSON.stringify(obj);","} : function(obj){","\tif (obj && obj.toJSON) obj = obj.toJSON();","","\tswitch (typeOf(obj)){","\t\tcase 'string':","\t\t\treturn '\"' + obj.replace(/[\\x00-\\x1f\\\\\"]/g, escape) + '\"';","\t\tcase 'array':","\t\t\treturn '[' + obj.map(JSON.encode).clean() + ']';","\t\tcase 'object': case 'hash':","\t\t\tvar string = [];","\t\t\tObject.each(obj, function(value, key){","\t\t\t\tvar json = JSON.encode(value);","\t\t\t\tif (json) string.push(JSON.encode(key) + ':' + json);","\t\t\t});","\t\t\treturn '{' + string + '}';","\t\tcase 'number': case 'boolean': return '' + obj;","\t\tcase 'null': return 'null';","\t}","","\treturn null;","};","","JSON.secure = true;","","","JSON.decode = function(string, secure){","\tif (!string || typeOf(string) != 'string') return null;","    ","\tif (secure == null) secure = JSON.secure; ","\tif (secure){","\t\tif (JSON.parse) return JSON.parse(string);","\t\tif (!JSON.validate(string)) throw new Error('JSON could not decode the input; security is enabled and the value is not secure.');","\t}","","\treturn eval('(' + string + ')');","};","","})();",""],"l":{"23":1,"25":1,"32":1,"33":241,"34":240,"36":72,"37":0,"38":0,"39":72,"40":70,"41":37,"44":39,"47":1,"48":3,"49":3,"50":3,"51":3,"52":3,"55":3,"58":1,"64":1,"66":1,"67":7,"68":7,"69":85,"70":85,"71":177,"74":49,"76":85,"80":1,"81":0,"82":0,"83":0,"84":0,"85":0,"86":0,"87":0,"88":0,"89":0,"91":0,"93":0,"97":1,"98":89,"101":1,"102":6,"107":1,"109":1,"110":0,"111":0,"115":1,"116":33,"117":33,"120":1,"121":0,"122":0,"125":1,"126":0,"131":1,"134":10,"135":10,"139":61,"140":61,"147":1,"148":14,"149":14,"150":14,"151":0,"154":14,"155":14,"156":9,"157":146,"163":14,"165":9,"166":9,"167":9,"169":9,"172":1,"174":1,"175":33,"178":1,"180":1,"181":101,"182":101,"185":1,"186":101,"188":101,"190":101,"191":0,"192":0,"193":0,"196":101,"197":101,"199":101,"200":2,"204":1,"205":110,"206":110,"207":110,"210":1,"217":1,"221":0,"222":0,"227":1,"231":1,"232":7,"235":7,"237":7,"238":60,"242":60,"243":60,"246":7,"247":6,"248":6,"249":0,"250":0,"252":0,"256":7,"259":1,"277":1,"279":1,"280":0,"283":1,"287":1,"288":22,"293":1,"294":0,"299":1,"304":2,"305":2,"310":1,"313":0,"314":0,"315":0,"318":0,"322":0,"323":0,"329":1,"334":1,"335":0,"336":0,"337":0,"338":0,"342":1,"343":1,"344":1,"345":1,"348":1,"349":2,"351":1,"352":1,"353":1,"354":1,"355":0,"357":2,"360":1,"363":2,"364":0,"365":0,"366":0,"368":0,"372":1,"373":1,"374":1,"378":0,"379":0,"380":0,"382":0,"389":1,"390":5,"395":1,"397":1,"398":0,"421":1,"426":0,"427":0,"432":0,"433":0,"434":0,"439":0,"440":0,"441":0,"445":0,"446":0,"447":0,"448":0,"449":0,"450":0,"451":0,"455":0,"459":0,"463":0,"464":0,"468":0,"472":0,"476":0,"477":0,"481":0,"482":0,"486":0,"487":0,"489":0,"493":0,"494":0,"498":0,"499":0,"500":0,"501":0,"502":0,"504":0,"508":0,"509":0,"511":0,"515":0,"516":0,"517":0,"518":0,"520":0,"524":0,"525":0,"526":0,"527":0,"528":0,"529":0,"531":0,"554":1,"558":0,"563":0,"567":0,"571":0,"575":0,"576":0,"581":0,"582":0,"587":0,"588":0,"593":0,"597":0,"601":0,"605":0,"606":0,"610":0,"611":0,"615":0,"616":0,"617":0,"641":1,"644":0,"648":0,"649":0,"653":0,"657":0,"661":0,"666":1,"668":1,"669":1,"670":1,"671":16,"672":0,"675":1,"694":1,"697":0,"698":0,"699":0,"702":0,"707":1,"710":0,"711":0,"714":0,"720":0,"721":0,"722":0,"723":0,"728":0,"732":0,"755":1,"757":1,"759":1,"762":0,"763":0,"764":0,"765":0,"767":0,"771":0,"772":0,"773":0,"774":0,"775":0,"777":0,"781":0,"782":0,"783":0,"784":0,"785":0,"787":0,"791":0,"792":0,"793":0,"794":0,"796":0,"800":0,"801":0,"802":0,"803":0,"805":0,"809":0,"810":0,"811":0,"812":0,"813":0,"815":0,"819":0,"823":0,"824":0,"825":0,"826":0,"828":0,"832":0,"836":0,"838":0,"839":0,"840":0,"841":0,"842":0,"844":0,"845":0,"846":0,"848":0,"849":0,"850":0,"852":0,"855":0,"880":1,"882":1,"883":3,"885":3,"886":0,"887":0,"888":0,"889":0,"890":0,"891":0,"892":0,"895":3,"896":3,"897":3,"899":3,"902":1,"903":0,"904":0,"907":0,"908":0,"911":1,"912":0,"913":0,"914":0,"916":0,"917":0,"918":0,"919":0,"920":0,"923":0,"926":1,"927":9,"928":9,"929":0,"930":0,"931":0,"932":0,"933":0,"934":0,"936":9,"939":1,"940":11,"941":0,"942":0,"945":11,"946":9,"947":9,"949":2,"952":11,"955":1,"956":0,"957":0,"958":0,"959":0,"962":1,"964":1,"967":0,"968":0,"972":0,"973":0,"974":0,"997":1,"999":1,"1004":0,"1005":0,"1009":0,"1013":0,"1014":0,"1019":1,"1020":0,"1021":0,"1025":1,"1030":0,"1034":0,"1035":0,"1036":0,"1040":0,"1041":0,"1045":0,"1046":0,"1047":0,"1048":0,"1049":0,"1050":0,"1051":0,"1053":0,"1057":0,"1058":0,"1059":0,"1060":0,"1061":0,"1063":0,"1067":0,"1068":0,"1069":0,"1070":0,"1072":0,"1073":0,"1074":0,"1075":0,"1076":0,"1077":0,"1080":0,"1085":1,"1088":0,"1089":0,"1090":0,"1091":0,"1092":0,"1094":0,"1119":1,"1123":1,"1125":1,"1127":1,"1128":0,"1131":1,"1132":0,"1136":0,"1139":1,"1140":0,"1142":0,"1144":0,"1146":0,"1148":0,"1150":0,"1151":0,"1152":0,"1153":0,"1155":0,"1156":0,"1157":0,"1160":0,"1163":1,"1166":1,"1167":0,"1169":0,"1170":0,"1171":0,"1172":0,"1175":0}}}